This file contains any messages produced by compilers while
running configure, to aid debugging if configure makes a mistake.

It was created by Haskell network package configure 3.1.2.7, which was
generated by GNU Autoconf 2.69.  Invocation command line was

  $ /C/Users/domin/Documents/CODING/PROGRAMU SISTEMOS/FUNKCINIS PROGRAMAVIMAS/lab1/bimaru-client/dist-newstyle/tmp/src-22370/network-3.1.2.7/configure --with-compiler=ghc --prefix=C:\cabal\store\ghc-8.10.7\network-3.1.2.7-f85fba9511651aeda5138bcfccd7301dbbdd5ed6 --bindir=C:\cabal\store\ghc-8.10.7\network-3.1.2.7-f85fba9511651aeda5138bcfccd7301dbbdd5ed6\bin --libdir=C:\cabal\store\ghc-8.10.7\network-3.1.2.7-f85fba9511651aeda5138bcfccd7301dbbdd5ed6\lib --libexecdir=C:\cabal\store\ghc-8.10.7\network-3.1.2.7-f85fba9511651aeda5138bcfccd7301dbbdd5ed6\libexec --datadir=C:\cabal\store\ghc-8.10.7\network-3.1.2.7-f85fba9511651aeda5138bcfccd7301dbbdd5ed6\share --sysconfdir=C:\cabal\store\ghc-8.10.7\network-3.1.2.7-f85fba9511651aeda5138bcfccd7301dbbdd5ed6\etc CC=C:\ghcup\ghc\810~1.7\lib\../mingw/bin\gcc.exe

## --------- ##
## Platform. ##
## --------- ##

hostname = DESKTOP-N015PVI
uname -m = x86_64
uname -r = 3.3.5-341.x86_64
uname -s = MSYS_NT-10.0-19044
uname -v = 2022-07-04 21:33 UTC

/usr/bin/uname -p = unknown
/bin/uname -X     = unknown

/bin/arch              = x86_64
/usr/bin/arch -k       = unknown
/usr/convex/getsysinfo = unknown
/usr/bin/hostinfo      = unknown
/bin/machine           = unknown
/usr/bin/oslevel       = unknown
/bin/universe          = unknown

PATH: /c/ghcup/bin
PATH: /c/cabal/bin
PATH: /mingw64/bin
PATH: /usr/bin
PATH: /c/cabal/store/ghc-8.10.7/hsc2hs-0.68.8-64b57aaec7e39c837af3ce7e0a080920c9ebcf2c/bin
PATH: /c/Program Files/Common Files/Oracle/Java/javapath
PATH: /c/Program Files (x86)/Common Files/Oracle/Java/javapath
PATH: /c/Program Files/Eclipse Adoptium/jdk-17.0.2.8-hotspot/bin
PATH: /c/Windows/system32
PATH: /c/Windows
PATH: /c/Windows/System32/Wbem
PATH: /c/Windows/System32/WindowsPowerShell/v1.0
PATH: /c/Windows/System32/OpenSSH
PATH: /c/Program Files/Git/cmd
PATH: /c/MinGW/bin
PATH: /c/Program Files/Microsoft SQL Server/150/Tools/Binn
PATH: /c/Program Files/Microsoft SQL Server/Client SDK/ODBC/170/Tools/Binn
PATH: /c/Program Files/nodejs
PATH: /c/msys64
PATH: /c/Program Files/CodeBlocks/MinGW/bin
PATH: /c/composer
PATH: /c/Program Files/dotnet
PATH: /c/mysql-8.0.30-winx64/bin
PATH: /c/xampp/php
PATH: /c/Program Files/PuTTY
PATH: /c/Program Files/Docker/Docker/resources/bin
PATH: /c/ProgramData/DockerDesktop/version-bin
PATH: /c/Program Files/MySQL/MySQL Shell 8.0/bin
PATH: /c/Users/domin/anaconda3
PATH: /c/Users/domin/anaconda3/Library/mingw-w64/bin
PATH: /c/Users/domin/anaconda3/Library/usr/bin
PATH: /c/Users/domin/anaconda3/Library/bin
PATH: /c/Users/domin/anaconda3/Scripts
PATH: /c/Users/domin/AppData/Local/Microsoft/WindowsApps
PATH: /c/Users/domin/AppData/Local/Programs/Microsoft VS Code/bin
PATH: /c/Users/domin/AppData/Local/GitHubDesktop/bin
PATH: /c/Users/domin/.dotnet/tools
PATH: /c/Users/domin/AppData/Roaming/npm
PATH: /c/Users/domin/AppData/Local/Programs/Fiddler
PATH: /c/Program Files/JetBrains/PyCharm Community Edition 2022.1/bin
PATH: /c/Users/domin/AppData/Roaming/Composer/vendor/bin
PATH: /c/Users/domin/.dotnet/tools
PATH: /c/Program Files/IBM/Cloud/bin
PATH: /c/ghcup/bin
PATH: /c/msys64
PATH: /c/Program Files/JetBrains/PhpStorm 2022.2.3/bin


## ----------- ##
## Core tests. ##
## ----------- ##

configure:2365: checking build system type
configure:2379: result: x86_64-pc-msys
configure:2399: checking host system type
configure:2412: result: x86_64-pc-msys
configure:2487: checking for gcc
configure:2514: result: C:\ghcup\ghc\810~1.7\lib\../mingw/bin\gcc.exe
configure:2743: checking for C compiler version
configure:2752: C:\ghcup\ghc\810~1.7\lib\../mingw/bin\gcc.exe --version >&5
realgcc.exe (Rev1, Built by MSYS2 project) 9.2.0
Copyright (C) 2019 Free Software Foundation, Inc.
This is free software; see the source for copying conditions.  There is NO
warranty; not even for MERCHANTABILITY or FITNESS FOR A PARTICULAR PURPOSE.

configure:2763: $? = 0
configure:2752: C:\ghcup\ghc\810~1.7\lib\../mingw/bin\gcc.exe -v >&5
Using built-in specs.
COLLECT_GCC=C:\\ghcup\\ghc\\810~1.7\\mingw\\bin/realgcc.exe
COLLECT_LTO_WRAPPER=C://ghcup//ghc//810~1.7//mingw//bin/../lib/gcc/x86_64-w64-mingw32/9.2.0/lto-wrapper.exe
Target: x86_64-w64-mingw32
Configured with: ../gcc-9.2.0/configure --prefix=/mingw64 --with-local-prefix=/mingw64/local --build=x86_64-w64-mingw32 --host=x86_64-w64-mingw32 --target=x86_64-w64-mingw32 --with-native-system-header-dir=/mingw64/x86_64-w64-mingw32/include --libexecdir=/mingw64/lib --enable-bootstrap --with-arch=x86-64 --with-tune=generic --enable-languages=c,lto,c++,fortran,ada,objc,obj-c++ --enable-shared --enable-static --enable-libatomic --enable-threads=posix --enable-graphite --enable-fully-dynamic-string --enable-libstdcxx-filesystem-ts=yes --enable-libstdcxx-time=yes --disable-libstdcxx-pch --disable-libstdcxx-debug --disable-isl-version-check --enable-lto --enable-libgomp --disable-multilib --enable-checking=release --disable-rpath --disable-win32-registry --disable-nls --disable-werror --disable-symvers --enable-plugin --with-libiconv --with-system-zlib --with-gmp=/mingw64 --with-mpfr=/mingw64 --with-mpc=/mingw64 --with-isl=/mingw64 --with-pkgversion='Rev1, Built by MSYS2 project' --with-bugurl=https://sourceforge.net/projects/msys2 --with-gnu-as --with-gnu-ld
Thread model: posix
gcc version 9.2.0 (Rev1, Built by MSYS2 project) 
configure:2763: $? = 0
configure:2752: C:\ghcup\ghc\810~1.7\lib\../mingw/bin\gcc.exe -V >&5
realgcc.exe: error: unrecognized command line option '-V'
realgcc.exe: fatal error: no input files
compilation terminated.
configure:2763: $? = 1
configure:2752: C:\ghcup\ghc\810~1.7\lib\../mingw/bin\gcc.exe -qversion >&5
realgcc.exe: error: unrecognized command line option '-qversion'; did you mean '--version'?
realgcc.exe: fatal error: no input files
compilation terminated.
configure:2763: $? = 1
configure:2783: checking whether the C compiler works
configure:2805: C:\ghcup\ghc\810~1.7\lib\../mingw/bin\gcc.exe    conftest.c  >&5
configure:2809: $? = 0
configure:2857: result: yes
configure:2860: checking for C compiler default output file name
configure:2862: result: a.exe
configure:2868: checking for suffix of executables
configure:2875: C:\ghcup\ghc\810~1.7\lib\../mingw/bin\gcc.exe -o conftest.exe    conftest.c  >&5
configure:2879: $? = 0
configure:2901: result: .exe
configure:2923: checking whether we are cross compiling
configure:2931: C:\ghcup\ghc\810~1.7\lib\../mingw/bin\gcc.exe -o conftest.exe    conftest.c  >&5
configure:2935: $? = 0
configure:2942: ./conftest.exe
configure:2946: $? = 0
configure:2961: result: no
configure:2966: checking for suffix of object files
configure:2988: C:\ghcup\ghc\810~1.7\lib\../mingw/bin\gcc.exe -c   conftest.c >&5
configure:2992: $? = 0
configure:3013: result: o
configure:3017: checking whether we are using the GNU C compiler
configure:3036: C:\ghcup\ghc\810~1.7\lib\../mingw/bin\gcc.exe -c   conftest.c >&5
configure:3036: $? = 0
configure:3045: result: yes
configure:3054: checking whether C:\ghcup\ghc\810~1.7\lib\../mingw/bin\gcc.exe accepts -g
configure:3074: C:\ghcup\ghc\810~1.7\lib\../mingw/bin\gcc.exe -c -g  conftest.c >&5
configure:3074: $? = 0
configure:3115: result: yes
configure:3132: checking for C:\ghcup\ghc\810~1.7\lib\../mingw/bin\gcc.exe option to accept ISO C89
configure:3195: C:\ghcup\ghc\810~1.7\lib\../mingw/bin\gcc.exe  -c   conftest.c >&5
configure:3195: $? = 0
configure:3208: result: none needed
configure:3230: checking for an ANSI C-conforming const
configure:3296: C:\ghcup\ghc\810~1.7\lib\../mingw/bin\gcc.exe -c   conftest.c >&5
configure:3296: $? = 0
configure:3303: result: yes
configure:3317: checking how to run the C preprocessor
configure:3348: C:\ghcup\ghc\810~1.7\lib\../mingw/bin\gcc.exe -E  conftest.c
configure:3348: $? = 0
configure:3362: C:\ghcup\ghc\810~1.7\lib\../mingw/bin\gcc.exe -E  conftest.c
conftest.c:9:10: fatal error: ac_nonexistent.h: No such file or directory
    9 | #include <ac_nonexistent.h>
      |          ^~~~~~~~~~~~~~~~~~
compilation terminated.
configure:3362: $? = 1
configure: failed program was:
| /* confdefs.h */
| #define PACKAGE_NAME "Haskell network package"
| #define PACKAGE_TARNAME "network"
| #define PACKAGE_VERSION "3.1.2.7"
| #define PACKAGE_STRING "Haskell network package 3.1.2.7"
| #define PACKAGE_BUGREPORT "libraries@haskell.org"
| #define PACKAGE_URL ""
| /* end confdefs.h.  */
| #include <ac_nonexistent.h>
configure:3387: result: C:\ghcup\ghc\810~1.7\lib\../mingw/bin\gcc.exe -E
configure:3407: C:\ghcup\ghc\810~1.7\lib\../mingw/bin\gcc.exe -E  conftest.c
configure:3407: $? = 0
configure:3421: C:\ghcup\ghc\810~1.7\lib\../mingw/bin\gcc.exe -E  conftest.c
conftest.c:9:10: fatal error: ac_nonexistent.h: No such file or directory
    9 | #include <ac_nonexistent.h>
      |          ^~~~~~~~~~~~~~~~~~
compilation terminated.
configure:3421: $? = 1
configure: failed program was:
| /* confdefs.h */
| #define PACKAGE_NAME "Haskell network package"
| #define PACKAGE_TARNAME "network"
| #define PACKAGE_VERSION "3.1.2.7"
| #define PACKAGE_STRING "Haskell network package 3.1.2.7"
| #define PACKAGE_BUGREPORT "libraries@haskell.org"
| #define PACKAGE_URL ""
| /* end confdefs.h.  */
| #include <ac_nonexistent.h>
configure:3450: checking for grep that handles long lines and -e
configure:3508: result: /usr/bin/grep
configure:3513: checking for egrep
configure:3575: result: /usr/bin/grep -E
configure:3580: checking for ANSI C header files
configure:3600: C:\ghcup\ghc\810~1.7\lib\../mingw/bin\gcc.exe -c   conftest.c >&5
configure:3600: $? = 0
configure:3673: C:\ghcup\ghc\810~1.7\lib\../mingw/bin\gcc.exe -o conftest.exe    conftest.c  >&5
configure:3673: $? = 0
configure:3673: ./conftest.exe
configure:3673: $? = 0
configure:3684: result: yes
configure:3697: checking for sys/types.h
configure:3697: C:\ghcup\ghc\810~1.7\lib\../mingw/bin\gcc.exe -c   conftest.c >&5
configure:3697: $? = 0
configure:3697: result: yes
configure:3697: checking for sys/stat.h
configure:3697: C:\ghcup\ghc\810~1.7\lib\../mingw/bin\gcc.exe -c   conftest.c >&5
configure:3697: $? = 0
configure:3697: result: yes
configure:3697: checking for stdlib.h
configure:3697: C:\ghcup\ghc\810~1.7\lib\../mingw/bin\gcc.exe -c   conftest.c >&5
configure:3697: $? = 0
configure:3697: result: yes
configure:3697: checking for string.h
configure:3697: C:\ghcup\ghc\810~1.7\lib\../mingw/bin\gcc.exe -c   conftest.c >&5
configure:3697: $? = 0
configure:3697: result: yes
configure:3697: checking for memory.h
configure:3697: C:\ghcup\ghc\810~1.7\lib\../mingw/bin\gcc.exe -c   conftest.c >&5
configure:3697: $? = 0
configure:3697: result: yes
configure:3697: checking for strings.h
configure:3697: C:\ghcup\ghc\810~1.7\lib\../mingw/bin\gcc.exe -c   conftest.c >&5
configure:3697: $? = 0
configure:3697: result: yes
configure:3697: checking for inttypes.h
configure:3697: C:\ghcup\ghc\810~1.7\lib\../mingw/bin\gcc.exe -c   conftest.c >&5
configure:3697: $? = 0
configure:3697: result: yes
configure:3697: checking for stdint.h
configure:3697: C:\ghcup\ghc\810~1.7\lib\../mingw/bin\gcc.exe -c   conftest.c >&5
configure:3697: $? = 0
configure:3697: result: yes
configure:3697: checking for unistd.h
configure:3697: C:\ghcup\ghc\810~1.7\lib\../mingw/bin\gcc.exe -c   conftest.c >&5
configure:3697: $? = 0
configure:3697: result: yes
configure:3712: checking limits.h usability
configure:3712: C:\ghcup\ghc\810~1.7\lib\../mingw/bin\gcc.exe -c   conftest.c >&5
configure:3712: $? = 0
configure:3712: result: yes
configure:3712: checking limits.h presence
configure:3712: C:\ghcup\ghc\810~1.7\lib\../mingw/bin\gcc.exe -E  conftest.c
configure:3712: $? = 0
configure:3712: result: yes
configure:3712: checking for limits.h
configure:3712: result: yes
configure:3712: checking for stdlib.h
configure:3712: result: yes
configure:3712: checking for unistd.h
configure:3712: result: yes
configure:3712: checking for sys/types.h
configure:3712: result: yes
configure:3712: checking fcntl.h usability
configure:3712: C:\ghcup\ghc\810~1.7\lib\../mingw/bin\gcc.exe -c   conftest.c >&5
configure:3712: $? = 0
configure:3712: result: yes
configure:3712: checking fcntl.h presence
configure:3712: C:\ghcup\ghc\810~1.7\lib\../mingw/bin\gcc.exe -E  conftest.c
configure:3712: $? = 0
configure:3712: result: yes
configure:3712: checking for fcntl.h
configure:3712: result: yes
configure:3725: checking sys/uio.h usability
configure:3725: C:\ghcup\ghc\810~1.7\lib\../mingw/bin\gcc.exe -c   conftest.c >&5
conftest.c:108:10: fatal error: sys/uio.h: No such file or directory
  108 | #include <sys/uio.h>
      |          ^~~~~~~~~~~
compilation terminated.
configure:3725: $? = 1
configure: failed program was:
| /* confdefs.h */
| #define PACKAGE_NAME "Haskell network package"
| #define PACKAGE_TARNAME "network"
| #define PACKAGE_VERSION "3.1.2.7"
| #define PACKAGE_STRING "Haskell network package 3.1.2.7"
| #define PACKAGE_BUGREPORT "libraries@haskell.org"
| #define PACKAGE_URL ""
| #define STDC_HEADERS 1
| #define HAVE_SYS_TYPES_H 1
| #define HAVE_SYS_STAT_H 1
| #define HAVE_STDLIB_H 1
| #define HAVE_STRING_H 1
| #define HAVE_MEMORY_H 1
| #define HAVE_STRINGS_H 1
| #define HAVE_INTTYPES_H 1
| #define HAVE_STDINT_H 1
| #define HAVE_UNISTD_H 1
| #define HAVE_LIMITS_H 1
| #define HAVE_STDLIB_H 1
| #define HAVE_UNISTD_H 1
| #define HAVE_SYS_TYPES_H 1
| #define HAVE_FCNTL_H 1
| /* end confdefs.h.  */
| #define _GNU_SOURCE 1  /* for struct ucred on Linux */
| #include <stdio.h>
| #ifdef HAVE_SYS_TYPES_H
| # include <sys/types.h>
| #endif
| #ifdef HAVE_SYS_STAT_H
| # include <sys/stat.h>
| #endif
| #ifdef STDC_HEADERS
| # include <stdlib.h>
| # include <stddef.h>
| #else
| # ifdef HAVE_STDLIB_H
| #  include <stdlib.h>
| # endif
| #endif
| #ifdef HAVE_STRING_H
| # if !defined STDC_HEADERS && defined HAVE_MEMORY_H
| #  include <memory.h>
| # endif
| # include <string.h>
| #endif
| #ifdef HAVE_STRINGS_H
| # include <strings.h>
| #endif
| #ifdef HAVE_INTTYPES_H
| # include <inttypes.h>
| #endif
| #ifdef HAVE_STDINT_H
| # include <stdint.h>
| #endif
| #ifdef HAVE_UNISTD_H
| # include <unistd.h>
| #endif
| 
| #ifdef _WIN32
| # include <winsock2.h>
| # include <ws2tcpip.h>
| # define IPV6_V6ONLY 27
| #endif
| 
| #ifdef HAVE_LIMITS_H
| # include <limits.h>
| #endif
| #ifdef HAVE_STDLIB_H
| # include <stdlib.h>
| #endif
| #ifdef HAVE_UNISTD_H
| #include <unistd.h>
| #endif
| #ifdef HAVE_SYS_TYPES_H
| # include <sys/types.h>
| #endif
| #ifdef HAVE_FCNTL_H
| # include <fcntl.h>
| #endif
| #ifdef HAVE_SYS_UIO_H
| # include <sys/uio.h>
| #endif
| #ifdef HAVE_SYS_SOCKET_H
| # include <sys/socket.h>
| #endif
| #ifdef HAVE_NETINET_IN_H
| # include <netinet/in.h>
| #endif
| #ifdef HAVE_NETINET_TCP_H
| # include <netinet/tcp.h>
| #endif
| #ifdef HAVE_SYS_UN_H
| # include <sys/un.h>
| #endif
| #ifdef HAVE_ARPA_INET_H
| # include <arpa/inet.h>
| #endif
| #ifdef HAVE_NETDB_H
| #include <netdb.h>
| #endif
| #ifdef HAVE_NET_IF_H
| # include <net/if.h>
| #endif
| #ifdef HAVE_NETIOAPI_H
| # include <netioapi.h>
| #endif
| 
| #include <sys/uio.h>
configure:3725: result: no
configure:3725: checking sys/uio.h presence
configure:3725: C:\ghcup\ghc\810~1.7\lib\../mingw/bin\gcc.exe -E  conftest.c
conftest.c:24:10: fatal error: sys/uio.h: No such file or directory
   24 | #include <sys/uio.h>
      |          ^~~~~~~~~~~
compilation terminated.
configure:3725: $? = 1
configure: failed program was:
| /* confdefs.h */
| #define PACKAGE_NAME "Haskell network package"
| #define PACKAGE_TARNAME "network"
| #define PACKAGE_VERSION "3.1.2.7"
| #define PACKAGE_STRING "Haskell network package 3.1.2.7"
| #define PACKAGE_BUGREPORT "libraries@haskell.org"
| #define PACKAGE_URL ""
| #define STDC_HEADERS 1
| #define HAVE_SYS_TYPES_H 1
| #define HAVE_SYS_STAT_H 1
| #define HAVE_STDLIB_H 1
| #define HAVE_STRING_H 1
| #define HAVE_MEMORY_H 1
| #define HAVE_STRINGS_H 1
| #define HAVE_INTTYPES_H 1
| #define HAVE_STDINT_H 1
| #define HAVE_UNISTD_H 1
| #define HAVE_LIMITS_H 1
| #define HAVE_STDLIB_H 1
| #define HAVE_UNISTD_H 1
| #define HAVE_SYS_TYPES_H 1
| #define HAVE_FCNTL_H 1
| /* end confdefs.h.  */
| #include <sys/uio.h>
configure:3725: result: no
configure:3725: checking for sys/uio.h
configure:3725: result: no
configure:3725: checking sys/socket.h usability
configure:3725: C:\ghcup\ghc\810~1.7\lib\../mingw/bin\gcc.exe -c   conftest.c >&5
conftest.c:108:10: fatal error: sys/socket.h: No such file or directory
  108 | #include <sys/socket.h>
      |          ^~~~~~~~~~~~~~
compilation terminated.
configure:3725: $? = 1
configure: failed program was:
| /* confdefs.h */
| #define PACKAGE_NAME "Haskell network package"
| #define PACKAGE_TARNAME "network"
| #define PACKAGE_VERSION "3.1.2.7"
| #define PACKAGE_STRING "Haskell network package 3.1.2.7"
| #define PACKAGE_BUGREPORT "libraries@haskell.org"
| #define PACKAGE_URL ""
| #define STDC_HEADERS 1
| #define HAVE_SYS_TYPES_H 1
| #define HAVE_SYS_STAT_H 1
| #define HAVE_STDLIB_H 1
| #define HAVE_STRING_H 1
| #define HAVE_MEMORY_H 1
| #define HAVE_STRINGS_H 1
| #define HAVE_INTTYPES_H 1
| #define HAVE_STDINT_H 1
| #define HAVE_UNISTD_H 1
| #define HAVE_LIMITS_H 1
| #define HAVE_STDLIB_H 1
| #define HAVE_UNISTD_H 1
| #define HAVE_SYS_TYPES_H 1
| #define HAVE_FCNTL_H 1
| /* end confdefs.h.  */
| #define _GNU_SOURCE 1  /* for struct ucred on Linux */
| #include <stdio.h>
| #ifdef HAVE_SYS_TYPES_H
| # include <sys/types.h>
| #endif
| #ifdef HAVE_SYS_STAT_H
| # include <sys/stat.h>
| #endif
| #ifdef STDC_HEADERS
| # include <stdlib.h>
| # include <stddef.h>
| #else
| # ifdef HAVE_STDLIB_H
| #  include <stdlib.h>
| # endif
| #endif
| #ifdef HAVE_STRING_H
| # if !defined STDC_HEADERS && defined HAVE_MEMORY_H
| #  include <memory.h>
| # endif
| # include <string.h>
| #endif
| #ifdef HAVE_STRINGS_H
| # include <strings.h>
| #endif
| #ifdef HAVE_INTTYPES_H
| # include <inttypes.h>
| #endif
| #ifdef HAVE_STDINT_H
| # include <stdint.h>
| #endif
| #ifdef HAVE_UNISTD_H
| # include <unistd.h>
| #endif
| 
| #ifdef _WIN32
| # include <winsock2.h>
| # include <ws2tcpip.h>
| # define IPV6_V6ONLY 27
| #endif
| 
| #ifdef HAVE_LIMITS_H
| # include <limits.h>
| #endif
| #ifdef HAVE_STDLIB_H
| # include <stdlib.h>
| #endif
| #ifdef HAVE_UNISTD_H
| #include <unistd.h>
| #endif
| #ifdef HAVE_SYS_TYPES_H
| # include <sys/types.h>
| #endif
| #ifdef HAVE_FCNTL_H
| # include <fcntl.h>
| #endif
| #ifdef HAVE_SYS_UIO_H
| # include <sys/uio.h>
| #endif
| #ifdef HAVE_SYS_SOCKET_H
| # include <sys/socket.h>
| #endif
| #ifdef HAVE_NETINET_IN_H
| # include <netinet/in.h>
| #endif
| #ifdef HAVE_NETINET_TCP_H
| # include <netinet/tcp.h>
| #endif
| #ifdef HAVE_SYS_UN_H
| # include <sys/un.h>
| #endif
| #ifdef HAVE_ARPA_INET_H
| # include <arpa/inet.h>
| #endif
| #ifdef HAVE_NETDB_H
| #include <netdb.h>
| #endif
| #ifdef HAVE_NET_IF_H
| # include <net/if.h>
| #endif
| #ifdef HAVE_NETIOAPI_H
| # include <netioapi.h>
| #endif
| 
| #include <sys/socket.h>
configure:3725: result: no
configure:3725: checking sys/socket.h presence
configure:3725: C:\ghcup\ghc\810~1.7\lib\../mingw/bin\gcc.exe -E  conftest.c
conftest.c:24:10: fatal error: sys/socket.h: No such file or directory
   24 | #include <sys/socket.h>
      |          ^~~~~~~~~~~~~~
compilation terminated.
configure:3725: $? = 1
configure: failed program was:
| /* confdefs.h */
| #define PACKAGE_NAME "Haskell network package"
| #define PACKAGE_TARNAME "network"
| #define PACKAGE_VERSION "3.1.2.7"
| #define PACKAGE_STRING "Haskell network package 3.1.2.7"
| #define PACKAGE_BUGREPORT "libraries@haskell.org"
| #define PACKAGE_URL ""
| #define STDC_HEADERS 1
| #define HAVE_SYS_TYPES_H 1
| #define HAVE_SYS_STAT_H 1
| #define HAVE_STDLIB_H 1
| #define HAVE_STRING_H 1
| #define HAVE_MEMORY_H 1
| #define HAVE_STRINGS_H 1
| #define HAVE_INTTYPES_H 1
| #define HAVE_STDINT_H 1
| #define HAVE_UNISTD_H 1
| #define HAVE_LIMITS_H 1
| #define HAVE_STDLIB_H 1
| #define HAVE_UNISTD_H 1
| #define HAVE_SYS_TYPES_H 1
| #define HAVE_FCNTL_H 1
| /* end confdefs.h.  */
| #include <sys/socket.h>
configure:3725: result: no
configure:3725: checking for sys/socket.h
configure:3725: result: no
configure:3725: checking netinet/in.h usability
configure:3725: C:\ghcup\ghc\810~1.7\lib\../mingw/bin\gcc.exe -c   conftest.c >&5
conftest.c:108:10: fatal error: netinet/in.h: No such file or directory
  108 | #include <netinet/in.h>
      |          ^~~~~~~~~~~~~~
compilation terminated.
configure:3725: $? = 1
configure: failed program was:
| /* confdefs.h */
| #define PACKAGE_NAME "Haskell network package"
| #define PACKAGE_TARNAME "network"
| #define PACKAGE_VERSION "3.1.2.7"
| #define PACKAGE_STRING "Haskell network package 3.1.2.7"
| #define PACKAGE_BUGREPORT "libraries@haskell.org"
| #define PACKAGE_URL ""
| #define STDC_HEADERS 1
| #define HAVE_SYS_TYPES_H 1
| #define HAVE_SYS_STAT_H 1
| #define HAVE_STDLIB_H 1
| #define HAVE_STRING_H 1
| #define HAVE_MEMORY_H 1
| #define HAVE_STRINGS_H 1
| #define HAVE_INTTYPES_H 1
| #define HAVE_STDINT_H 1
| #define HAVE_UNISTD_H 1
| #define HAVE_LIMITS_H 1
| #define HAVE_STDLIB_H 1
| #define HAVE_UNISTD_H 1
| #define HAVE_SYS_TYPES_H 1
| #define HAVE_FCNTL_H 1
| /* end confdefs.h.  */
| #define _GNU_SOURCE 1  /* for struct ucred on Linux */
| #include <stdio.h>
| #ifdef HAVE_SYS_TYPES_H
| # include <sys/types.h>
| #endif
| #ifdef HAVE_SYS_STAT_H
| # include <sys/stat.h>
| #endif
| #ifdef STDC_HEADERS
| # include <stdlib.h>
| # include <stddef.h>
| #else
| # ifdef HAVE_STDLIB_H
| #  include <stdlib.h>
| # endif
| #endif
| #ifdef HAVE_STRING_H
| # if !defined STDC_HEADERS && defined HAVE_MEMORY_H
| #  include <memory.h>
| # endif
| # include <string.h>
| #endif
| #ifdef HAVE_STRINGS_H
| # include <strings.h>
| #endif
| #ifdef HAVE_INTTYPES_H
| # include <inttypes.h>
| #endif
| #ifdef HAVE_STDINT_H
| # include <stdint.h>
| #endif
| #ifdef HAVE_UNISTD_H
| # include <unistd.h>
| #endif
| 
| #ifdef _WIN32
| # include <winsock2.h>
| # include <ws2tcpip.h>
| # define IPV6_V6ONLY 27
| #endif
| 
| #ifdef HAVE_LIMITS_H
| # include <limits.h>
| #endif
| #ifdef HAVE_STDLIB_H
| # include <stdlib.h>
| #endif
| #ifdef HAVE_UNISTD_H
| #include <unistd.h>
| #endif
| #ifdef HAVE_SYS_TYPES_H
| # include <sys/types.h>
| #endif
| #ifdef HAVE_FCNTL_H
| # include <fcntl.h>
| #endif
| #ifdef HAVE_SYS_UIO_H
| # include <sys/uio.h>
| #endif
| #ifdef HAVE_SYS_SOCKET_H
| # include <sys/socket.h>
| #endif
| #ifdef HAVE_NETINET_IN_H
| # include <netinet/in.h>
| #endif
| #ifdef HAVE_NETINET_TCP_H
| # include <netinet/tcp.h>
| #endif
| #ifdef HAVE_SYS_UN_H
| # include <sys/un.h>
| #endif
| #ifdef HAVE_ARPA_INET_H
| # include <arpa/inet.h>
| #endif
| #ifdef HAVE_NETDB_H
| #include <netdb.h>
| #endif
| #ifdef HAVE_NET_IF_H
| # include <net/if.h>
| #endif
| #ifdef HAVE_NETIOAPI_H
| # include <netioapi.h>
| #endif
| 
| #include <netinet/in.h>
configure:3725: result: no
configure:3725: checking netinet/in.h presence
configure:3725: C:\ghcup\ghc\810~1.7\lib\../mingw/bin\gcc.exe -E  conftest.c
conftest.c:24:10: fatal error: netinet/in.h: No such file or directory
   24 | #include <netinet/in.h>
      |          ^~~~~~~~~~~~~~
compilation terminated.
configure:3725: $? = 1
configure: failed program was:
| /* confdefs.h */
| #define PACKAGE_NAME "Haskell network package"
| #define PACKAGE_TARNAME "network"
| #define PACKAGE_VERSION "3.1.2.7"
| #define PACKAGE_STRING "Haskell network package 3.1.2.7"
| #define PACKAGE_BUGREPORT "libraries@haskell.org"
| #define PACKAGE_URL ""
| #define STDC_HEADERS 1
| #define HAVE_SYS_TYPES_H 1
| #define HAVE_SYS_STAT_H 1
| #define HAVE_STDLIB_H 1
| #define HAVE_STRING_H 1
| #define HAVE_MEMORY_H 1
| #define HAVE_STRINGS_H 1
| #define HAVE_INTTYPES_H 1
| #define HAVE_STDINT_H 1
| #define HAVE_UNISTD_H 1
| #define HAVE_LIMITS_H 1
| #define HAVE_STDLIB_H 1
| #define HAVE_UNISTD_H 1
| #define HAVE_SYS_TYPES_H 1
| #define HAVE_FCNTL_H 1
| /* end confdefs.h.  */
| #include <netinet/in.h>
configure:3725: result: no
configure:3725: checking for netinet/in.h
configure:3725: result: no
configure:3725: checking netinet/tcp.h usability
configure:3725: C:\ghcup\ghc\810~1.7\lib\../mingw/bin\gcc.exe -c   conftest.c >&5
conftest.c:108:10: fatal error: netinet/tcp.h: No such file or directory
  108 | #include <netinet/tcp.h>
      |          ^~~~~~~~~~~~~~~
compilation terminated.
configure:3725: $? = 1
configure: failed program was:
| /* confdefs.h */
| #define PACKAGE_NAME "Haskell network package"
| #define PACKAGE_TARNAME "network"
| #define PACKAGE_VERSION "3.1.2.7"
| #define PACKAGE_STRING "Haskell network package 3.1.2.7"
| #define PACKAGE_BUGREPORT "libraries@haskell.org"
| #define PACKAGE_URL ""
| #define STDC_HEADERS 1
| #define HAVE_SYS_TYPES_H 1
| #define HAVE_SYS_STAT_H 1
| #define HAVE_STDLIB_H 1
| #define HAVE_STRING_H 1
| #define HAVE_MEMORY_H 1
| #define HAVE_STRINGS_H 1
| #define HAVE_INTTYPES_H 1
| #define HAVE_STDINT_H 1
| #define HAVE_UNISTD_H 1
| #define HAVE_LIMITS_H 1
| #define HAVE_STDLIB_H 1
| #define HAVE_UNISTD_H 1
| #define HAVE_SYS_TYPES_H 1
| #define HAVE_FCNTL_H 1
| /* end confdefs.h.  */
| #define _GNU_SOURCE 1  /* for struct ucred on Linux */
| #include <stdio.h>
| #ifdef HAVE_SYS_TYPES_H
| # include <sys/types.h>
| #endif
| #ifdef HAVE_SYS_STAT_H
| # include <sys/stat.h>
| #endif
| #ifdef STDC_HEADERS
| # include <stdlib.h>
| # include <stddef.h>
| #else
| # ifdef HAVE_STDLIB_H
| #  include <stdlib.h>
| # endif
| #endif
| #ifdef HAVE_STRING_H
| # if !defined STDC_HEADERS && defined HAVE_MEMORY_H
| #  include <memory.h>
| # endif
| # include <string.h>
| #endif
| #ifdef HAVE_STRINGS_H
| # include <strings.h>
| #endif
| #ifdef HAVE_INTTYPES_H
| # include <inttypes.h>
| #endif
| #ifdef HAVE_STDINT_H
| # include <stdint.h>
| #endif
| #ifdef HAVE_UNISTD_H
| # include <unistd.h>
| #endif
| 
| #ifdef _WIN32
| # include <winsock2.h>
| # include <ws2tcpip.h>
| # define IPV6_V6ONLY 27
| #endif
| 
| #ifdef HAVE_LIMITS_H
| # include <limits.h>
| #endif
| #ifdef HAVE_STDLIB_H
| # include <stdlib.h>
| #endif
| #ifdef HAVE_UNISTD_H
| #include <unistd.h>
| #endif
| #ifdef HAVE_SYS_TYPES_H
| # include <sys/types.h>
| #endif
| #ifdef HAVE_FCNTL_H
| # include <fcntl.h>
| #endif
| #ifdef HAVE_SYS_UIO_H
| # include <sys/uio.h>
| #endif
| #ifdef HAVE_SYS_SOCKET_H
| # include <sys/socket.h>
| #endif
| #ifdef HAVE_NETINET_IN_H
| # include <netinet/in.h>
| #endif
| #ifdef HAVE_NETINET_TCP_H
| # include <netinet/tcp.h>
| #endif
| #ifdef HAVE_SYS_UN_H
| # include <sys/un.h>
| #endif
| #ifdef HAVE_ARPA_INET_H
| # include <arpa/inet.h>
| #endif
| #ifdef HAVE_NETDB_H
| #include <netdb.h>
| #endif
| #ifdef HAVE_NET_IF_H
| # include <net/if.h>
| #endif
| #ifdef HAVE_NETIOAPI_H
| # include <netioapi.h>
| #endif
| 
| #include <netinet/tcp.h>
configure:3725: result: no
configure:3725: checking netinet/tcp.h presence
configure:3725: C:\ghcup\ghc\810~1.7\lib\../mingw/bin\gcc.exe -E  conftest.c
conftest.c:24:10: fatal error: netinet/tcp.h: No such file or directory
   24 | #include <netinet/tcp.h>
      |          ^~~~~~~~~~~~~~~
compilation terminated.
configure:3725: $? = 1
configure: failed program was:
| /* confdefs.h */
| #define PACKAGE_NAME "Haskell network package"
| #define PACKAGE_TARNAME "network"
| #define PACKAGE_VERSION "3.1.2.7"
| #define PACKAGE_STRING "Haskell network package 3.1.2.7"
| #define PACKAGE_BUGREPORT "libraries@haskell.org"
| #define PACKAGE_URL ""
| #define STDC_HEADERS 1
| #define HAVE_SYS_TYPES_H 1
| #define HAVE_SYS_STAT_H 1
| #define HAVE_STDLIB_H 1
| #define HAVE_STRING_H 1
| #define HAVE_MEMORY_H 1
| #define HAVE_STRINGS_H 1
| #define HAVE_INTTYPES_H 1
| #define HAVE_STDINT_H 1
| #define HAVE_UNISTD_H 1
| #define HAVE_LIMITS_H 1
| #define HAVE_STDLIB_H 1
| #define HAVE_UNISTD_H 1
| #define HAVE_SYS_TYPES_H 1
| #define HAVE_FCNTL_H 1
| /* end confdefs.h.  */
| #include <netinet/tcp.h>
configure:3725: result: no
configure:3725: checking for netinet/tcp.h
configure:3725: result: no
configure:3738: checking sys/un.h usability
configure:3738: C:\ghcup\ghc\810~1.7\lib\../mingw/bin\gcc.exe -c   conftest.c >&5
conftest.c:108:10: fatal error: sys/un.h: No such file or directory
  108 | #include <sys/un.h>
      |          ^~~~~~~~~~
compilation terminated.
configure:3738: $? = 1
configure: failed program was:
| /* confdefs.h */
| #define PACKAGE_NAME "Haskell network package"
| #define PACKAGE_TARNAME "network"
| #define PACKAGE_VERSION "3.1.2.7"
| #define PACKAGE_STRING "Haskell network package 3.1.2.7"
| #define PACKAGE_BUGREPORT "libraries@haskell.org"
| #define PACKAGE_URL ""
| #define STDC_HEADERS 1
| #define HAVE_SYS_TYPES_H 1
| #define HAVE_SYS_STAT_H 1
| #define HAVE_STDLIB_H 1
| #define HAVE_STRING_H 1
| #define HAVE_MEMORY_H 1
| #define HAVE_STRINGS_H 1
| #define HAVE_INTTYPES_H 1
| #define HAVE_STDINT_H 1
| #define HAVE_UNISTD_H 1
| #define HAVE_LIMITS_H 1
| #define HAVE_STDLIB_H 1
| #define HAVE_UNISTD_H 1
| #define HAVE_SYS_TYPES_H 1
| #define HAVE_FCNTL_H 1
| /* end confdefs.h.  */
| #define _GNU_SOURCE 1  /* for struct ucred on Linux */
| #include <stdio.h>
| #ifdef HAVE_SYS_TYPES_H
| # include <sys/types.h>
| #endif
| #ifdef HAVE_SYS_STAT_H
| # include <sys/stat.h>
| #endif
| #ifdef STDC_HEADERS
| # include <stdlib.h>
| # include <stddef.h>
| #else
| # ifdef HAVE_STDLIB_H
| #  include <stdlib.h>
| # endif
| #endif
| #ifdef HAVE_STRING_H
| # if !defined STDC_HEADERS && defined HAVE_MEMORY_H
| #  include <memory.h>
| # endif
| # include <string.h>
| #endif
| #ifdef HAVE_STRINGS_H
| # include <strings.h>
| #endif
| #ifdef HAVE_INTTYPES_H
| # include <inttypes.h>
| #endif
| #ifdef HAVE_STDINT_H
| # include <stdint.h>
| #endif
| #ifdef HAVE_UNISTD_H
| # include <unistd.h>
| #endif
| 
| #ifdef _WIN32
| # include <winsock2.h>
| # include <ws2tcpip.h>
| # define IPV6_V6ONLY 27
| #endif
| 
| #ifdef HAVE_LIMITS_H
| # include <limits.h>
| #endif
| #ifdef HAVE_STDLIB_H
| # include <stdlib.h>
| #endif
| #ifdef HAVE_UNISTD_H
| #include <unistd.h>
| #endif
| #ifdef HAVE_SYS_TYPES_H
| # include <sys/types.h>
| #endif
| #ifdef HAVE_FCNTL_H
| # include <fcntl.h>
| #endif
| #ifdef HAVE_SYS_UIO_H
| # include <sys/uio.h>
| #endif
| #ifdef HAVE_SYS_SOCKET_H
| # include <sys/socket.h>
| #endif
| #ifdef HAVE_NETINET_IN_H
| # include <netinet/in.h>
| #endif
| #ifdef HAVE_NETINET_TCP_H
| # include <netinet/tcp.h>
| #endif
| #ifdef HAVE_SYS_UN_H
| # include <sys/un.h>
| #endif
| #ifdef HAVE_ARPA_INET_H
| # include <arpa/inet.h>
| #endif
| #ifdef HAVE_NETDB_H
| #include <netdb.h>
| #endif
| #ifdef HAVE_NET_IF_H
| # include <net/if.h>
| #endif
| #ifdef HAVE_NETIOAPI_H
| # include <netioapi.h>
| #endif
| 
| #include <sys/un.h>
configure:3738: result: no
configure:3738: checking sys/un.h presence
configure:3738: C:\ghcup\ghc\810~1.7\lib\../mingw/bin\gcc.exe -E  conftest.c
conftest.c:24:10: fatal error: sys/un.h: No such file or directory
   24 | #include <sys/un.h>
      |          ^~~~~~~~~~
compilation terminated.
configure:3738: $? = 1
configure: failed program was:
| /* confdefs.h */
| #define PACKAGE_NAME "Haskell network package"
| #define PACKAGE_TARNAME "network"
| #define PACKAGE_VERSION "3.1.2.7"
| #define PACKAGE_STRING "Haskell network package 3.1.2.7"
| #define PACKAGE_BUGREPORT "libraries@haskell.org"
| #define PACKAGE_URL ""
| #define STDC_HEADERS 1
| #define HAVE_SYS_TYPES_H 1
| #define HAVE_SYS_STAT_H 1
| #define HAVE_STDLIB_H 1
| #define HAVE_STRING_H 1
| #define HAVE_MEMORY_H 1
| #define HAVE_STRINGS_H 1
| #define HAVE_INTTYPES_H 1
| #define HAVE_STDINT_H 1
| #define HAVE_UNISTD_H 1
| #define HAVE_LIMITS_H 1
| #define HAVE_STDLIB_H 1
| #define HAVE_UNISTD_H 1
| #define HAVE_SYS_TYPES_H 1
| #define HAVE_FCNTL_H 1
| /* end confdefs.h.  */
| #include <sys/un.h>
configure:3738: result: no
configure:3738: checking for sys/un.h
configure:3738: result: no
configure:3738: checking arpa/inet.h usability
configure:3738: C:\ghcup\ghc\810~1.7\lib\../mingw/bin\gcc.exe -c   conftest.c >&5
conftest.c:108:10: fatal error: arpa/inet.h: No such file or directory
  108 | #include <arpa/inet.h>
      |          ^~~~~~~~~~~~~
compilation terminated.
configure:3738: $? = 1
configure: failed program was:
| /* confdefs.h */
| #define PACKAGE_NAME "Haskell network package"
| #define PACKAGE_TARNAME "network"
| #define PACKAGE_VERSION "3.1.2.7"
| #define PACKAGE_STRING "Haskell network package 3.1.2.7"
| #define PACKAGE_BUGREPORT "libraries@haskell.org"
| #define PACKAGE_URL ""
| #define STDC_HEADERS 1
| #define HAVE_SYS_TYPES_H 1
| #define HAVE_SYS_STAT_H 1
| #define HAVE_STDLIB_H 1
| #define HAVE_STRING_H 1
| #define HAVE_MEMORY_H 1
| #define HAVE_STRINGS_H 1
| #define HAVE_INTTYPES_H 1
| #define HAVE_STDINT_H 1
| #define HAVE_UNISTD_H 1
| #define HAVE_LIMITS_H 1
| #define HAVE_STDLIB_H 1
| #define HAVE_UNISTD_H 1
| #define HAVE_SYS_TYPES_H 1
| #define HAVE_FCNTL_H 1
| /* end confdefs.h.  */
| #define _GNU_SOURCE 1  /* for struct ucred on Linux */
| #include <stdio.h>
| #ifdef HAVE_SYS_TYPES_H
| # include <sys/types.h>
| #endif
| #ifdef HAVE_SYS_STAT_H
| # include <sys/stat.h>
| #endif
| #ifdef STDC_HEADERS
| # include <stdlib.h>
| # include <stddef.h>
| #else
| # ifdef HAVE_STDLIB_H
| #  include <stdlib.h>
| # endif
| #endif
| #ifdef HAVE_STRING_H
| # if !defined STDC_HEADERS && defined HAVE_MEMORY_H
| #  include <memory.h>
| # endif
| # include <string.h>
| #endif
| #ifdef HAVE_STRINGS_H
| # include <strings.h>
| #endif
| #ifdef HAVE_INTTYPES_H
| # include <inttypes.h>
| #endif
| #ifdef HAVE_STDINT_H
| # include <stdint.h>
| #endif
| #ifdef HAVE_UNISTD_H
| # include <unistd.h>
| #endif
| 
| #ifdef _WIN32
| # include <winsock2.h>
| # include <ws2tcpip.h>
| # define IPV6_V6ONLY 27
| #endif
| 
| #ifdef HAVE_LIMITS_H
| # include <limits.h>
| #endif
| #ifdef HAVE_STDLIB_H
| # include <stdlib.h>
| #endif
| #ifdef HAVE_UNISTD_H
| #include <unistd.h>
| #endif
| #ifdef HAVE_SYS_TYPES_H
| # include <sys/types.h>
| #endif
| #ifdef HAVE_FCNTL_H
| # include <fcntl.h>
| #endif
| #ifdef HAVE_SYS_UIO_H
| # include <sys/uio.h>
| #endif
| #ifdef HAVE_SYS_SOCKET_H
| # include <sys/socket.h>
| #endif
| #ifdef HAVE_NETINET_IN_H
| # include <netinet/in.h>
| #endif
| #ifdef HAVE_NETINET_TCP_H
| # include <netinet/tcp.h>
| #endif
| #ifdef HAVE_SYS_UN_H
| # include <sys/un.h>
| #endif
| #ifdef HAVE_ARPA_INET_H
| # include <arpa/inet.h>
| #endif
| #ifdef HAVE_NETDB_H
| #include <netdb.h>
| #endif
| #ifdef HAVE_NET_IF_H
| # include <net/if.h>
| #endif
| #ifdef HAVE_NETIOAPI_H
| # include <netioapi.h>
| #endif
| 
| #include <arpa/inet.h>
configure:3738: result: no
configure:3738: checking arpa/inet.h presence
configure:3738: C:\ghcup\ghc\810~1.7\lib\../mingw/bin\gcc.exe -E  conftest.c
conftest.c:24:10: fatal error: arpa/inet.h: No such file or directory
   24 | #include <arpa/inet.h>
      |          ^~~~~~~~~~~~~
compilation terminated.
configure:3738: $? = 1
configure: failed program was:
| /* confdefs.h */
| #define PACKAGE_NAME "Haskell network package"
| #define PACKAGE_TARNAME "network"
| #define PACKAGE_VERSION "3.1.2.7"
| #define PACKAGE_STRING "Haskell network package 3.1.2.7"
| #define PACKAGE_BUGREPORT "libraries@haskell.org"
| #define PACKAGE_URL ""
| #define STDC_HEADERS 1
| #define HAVE_SYS_TYPES_H 1
| #define HAVE_SYS_STAT_H 1
| #define HAVE_STDLIB_H 1
| #define HAVE_STRING_H 1
| #define HAVE_MEMORY_H 1
| #define HAVE_STRINGS_H 1
| #define HAVE_INTTYPES_H 1
| #define HAVE_STDINT_H 1
| #define HAVE_UNISTD_H 1
| #define HAVE_LIMITS_H 1
| #define HAVE_STDLIB_H 1
| #define HAVE_UNISTD_H 1
| #define HAVE_SYS_TYPES_H 1
| #define HAVE_FCNTL_H 1
| /* end confdefs.h.  */
| #include <arpa/inet.h>
configure:3738: result: no
configure:3738: checking for arpa/inet.h
configure:3738: result: no
configure:3738: checking netdb.h usability
configure:3738: C:\ghcup\ghc\810~1.7\lib\../mingw/bin\gcc.exe -c   conftest.c >&5
conftest.c:108:10: fatal error: netdb.h: No such file or directory
  108 | #include <netdb.h>
      |          ^~~~~~~~~
compilation terminated.
configure:3738: $? = 1
configure: failed program was:
| /* confdefs.h */
| #define PACKAGE_NAME "Haskell network package"
| #define PACKAGE_TARNAME "network"
| #define PACKAGE_VERSION "3.1.2.7"
| #define PACKAGE_STRING "Haskell network package 3.1.2.7"
| #define PACKAGE_BUGREPORT "libraries@haskell.org"
| #define PACKAGE_URL ""
| #define STDC_HEADERS 1
| #define HAVE_SYS_TYPES_H 1
| #define HAVE_SYS_STAT_H 1
| #define HAVE_STDLIB_H 1
| #define HAVE_STRING_H 1
| #define HAVE_MEMORY_H 1
| #define HAVE_STRINGS_H 1
| #define HAVE_INTTYPES_H 1
| #define HAVE_STDINT_H 1
| #define HAVE_UNISTD_H 1
| #define HAVE_LIMITS_H 1
| #define HAVE_STDLIB_H 1
| #define HAVE_UNISTD_H 1
| #define HAVE_SYS_TYPES_H 1
| #define HAVE_FCNTL_H 1
| /* end confdefs.h.  */
| #define _GNU_SOURCE 1  /* for struct ucred on Linux */
| #include <stdio.h>
| #ifdef HAVE_SYS_TYPES_H
| # include <sys/types.h>
| #endif
| #ifdef HAVE_SYS_STAT_H
| # include <sys/stat.h>
| #endif
| #ifdef STDC_HEADERS
| # include <stdlib.h>
| # include <stddef.h>
| #else
| # ifdef HAVE_STDLIB_H
| #  include <stdlib.h>
| # endif
| #endif
| #ifdef HAVE_STRING_H
| # if !defined STDC_HEADERS && defined HAVE_MEMORY_H
| #  include <memory.h>
| # endif
| # include <string.h>
| #endif
| #ifdef HAVE_STRINGS_H
| # include <strings.h>
| #endif
| #ifdef HAVE_INTTYPES_H
| # include <inttypes.h>
| #endif
| #ifdef HAVE_STDINT_H
| # include <stdint.h>
| #endif
| #ifdef HAVE_UNISTD_H
| # include <unistd.h>
| #endif
| 
| #ifdef _WIN32
| # include <winsock2.h>
| # include <ws2tcpip.h>
| # define IPV6_V6ONLY 27
| #endif
| 
| #ifdef HAVE_LIMITS_H
| # include <limits.h>
| #endif
| #ifdef HAVE_STDLIB_H
| # include <stdlib.h>
| #endif
| #ifdef HAVE_UNISTD_H
| #include <unistd.h>
| #endif
| #ifdef HAVE_SYS_TYPES_H
| # include <sys/types.h>
| #endif
| #ifdef HAVE_FCNTL_H
| # include <fcntl.h>
| #endif
| #ifdef HAVE_SYS_UIO_H
| # include <sys/uio.h>
| #endif
| #ifdef HAVE_SYS_SOCKET_H
| # include <sys/socket.h>
| #endif
| #ifdef HAVE_NETINET_IN_H
| # include <netinet/in.h>
| #endif
| #ifdef HAVE_NETINET_TCP_H
| # include <netinet/tcp.h>
| #endif
| #ifdef HAVE_SYS_UN_H
| # include <sys/un.h>
| #endif
| #ifdef HAVE_ARPA_INET_H
| # include <arpa/inet.h>
| #endif
| #ifdef HAVE_NETDB_H
| #include <netdb.h>
| #endif
| #ifdef HAVE_NET_IF_H
| # include <net/if.h>
| #endif
| #ifdef HAVE_NETIOAPI_H
| # include <netioapi.h>
| #endif
| 
| #include <netdb.h>
configure:3738: result: no
configure:3738: checking netdb.h presence
configure:3738: C:\ghcup\ghc\810~1.7\lib\../mingw/bin\gcc.exe -E  conftest.c
conftest.c:24:10: fatal error: netdb.h: No such file or directory
   24 | #include <netdb.h>
      |          ^~~~~~~~~
compilation terminated.
configure:3738: $? = 1
configure: failed program was:
| /* confdefs.h */
| #define PACKAGE_NAME "Haskell network package"
| #define PACKAGE_TARNAME "network"
| #define PACKAGE_VERSION "3.1.2.7"
| #define PACKAGE_STRING "Haskell network package 3.1.2.7"
| #define PACKAGE_BUGREPORT "libraries@haskell.org"
| #define PACKAGE_URL ""
| #define STDC_HEADERS 1
| #define HAVE_SYS_TYPES_H 1
| #define HAVE_SYS_STAT_H 1
| #define HAVE_STDLIB_H 1
| #define HAVE_STRING_H 1
| #define HAVE_MEMORY_H 1
| #define HAVE_STRINGS_H 1
| #define HAVE_INTTYPES_H 1
| #define HAVE_STDINT_H 1
| #define HAVE_UNISTD_H 1
| #define HAVE_LIMITS_H 1
| #define HAVE_STDLIB_H 1
| #define HAVE_UNISTD_H 1
| #define HAVE_SYS_TYPES_H 1
| #define HAVE_FCNTL_H 1
| /* end confdefs.h.  */
| #include <netdb.h>
configure:3738: result: no
configure:3738: checking for netdb.h
configure:3738: result: no
configure:3751: checking net/if.h usability
configure:3751: C:\ghcup\ghc\810~1.7\lib\../mingw/bin\gcc.exe -c   conftest.c >&5
conftest.c:108:10: fatal error: net/if.h: No such file or directory
  108 | #include <net/if.h>
      |          ^~~~~~~~~~
compilation terminated.
configure:3751: $? = 1
configure: failed program was:
| /* confdefs.h */
| #define PACKAGE_NAME "Haskell network package"
| #define PACKAGE_TARNAME "network"
| #define PACKAGE_VERSION "3.1.2.7"
| #define PACKAGE_STRING "Haskell network package 3.1.2.7"
| #define PACKAGE_BUGREPORT "libraries@haskell.org"
| #define PACKAGE_URL ""
| #define STDC_HEADERS 1
| #define HAVE_SYS_TYPES_H 1
| #define HAVE_SYS_STAT_H 1
| #define HAVE_STDLIB_H 1
| #define HAVE_STRING_H 1
| #define HAVE_MEMORY_H 1
| #define HAVE_STRINGS_H 1
| #define HAVE_INTTYPES_H 1
| #define HAVE_STDINT_H 1
| #define HAVE_UNISTD_H 1
| #define HAVE_LIMITS_H 1
| #define HAVE_STDLIB_H 1
| #define HAVE_UNISTD_H 1
| #define HAVE_SYS_TYPES_H 1
| #define HAVE_FCNTL_H 1
| /* end confdefs.h.  */
| #define _GNU_SOURCE 1  /* for struct ucred on Linux */
| #include <stdio.h>
| #ifdef HAVE_SYS_TYPES_H
| # include <sys/types.h>
| #endif
| #ifdef HAVE_SYS_STAT_H
| # include <sys/stat.h>
| #endif
| #ifdef STDC_HEADERS
| # include <stdlib.h>
| # include <stddef.h>
| #else
| # ifdef HAVE_STDLIB_H
| #  include <stdlib.h>
| # endif
| #endif
| #ifdef HAVE_STRING_H
| # if !defined STDC_HEADERS && defined HAVE_MEMORY_H
| #  include <memory.h>
| # endif
| # include <string.h>
| #endif
| #ifdef HAVE_STRINGS_H
| # include <strings.h>
| #endif
| #ifdef HAVE_INTTYPES_H
| # include <inttypes.h>
| #endif
| #ifdef HAVE_STDINT_H
| # include <stdint.h>
| #endif
| #ifdef HAVE_UNISTD_H
| # include <unistd.h>
| #endif
| 
| #ifdef _WIN32
| # include <winsock2.h>
| # include <ws2tcpip.h>
| # define IPV6_V6ONLY 27
| #endif
| 
| #ifdef HAVE_LIMITS_H
| # include <limits.h>
| #endif
| #ifdef HAVE_STDLIB_H
| # include <stdlib.h>
| #endif
| #ifdef HAVE_UNISTD_H
| #include <unistd.h>
| #endif
| #ifdef HAVE_SYS_TYPES_H
| # include <sys/types.h>
| #endif
| #ifdef HAVE_FCNTL_H
| # include <fcntl.h>
| #endif
| #ifdef HAVE_SYS_UIO_H
| # include <sys/uio.h>
| #endif
| #ifdef HAVE_SYS_SOCKET_H
| # include <sys/socket.h>
| #endif
| #ifdef HAVE_NETINET_IN_H
| # include <netinet/in.h>
| #endif
| #ifdef HAVE_NETINET_TCP_H
| # include <netinet/tcp.h>
| #endif
| #ifdef HAVE_SYS_UN_H
| # include <sys/un.h>
| #endif
| #ifdef HAVE_ARPA_INET_H
| # include <arpa/inet.h>
| #endif
| #ifdef HAVE_NETDB_H
| #include <netdb.h>
| #endif
| #ifdef HAVE_NET_IF_H
| # include <net/if.h>
| #endif
| #ifdef HAVE_NETIOAPI_H
| # include <netioapi.h>
| #endif
| 
| #include <net/if.h>
configure:3751: result: no
configure:3751: checking net/if.h presence
configure:3751: C:\ghcup\ghc\810~1.7\lib\../mingw/bin\gcc.exe -E  conftest.c
conftest.c:24:10: fatal error: net/if.h: No such file or directory
   24 | #include <net/if.h>
      |          ^~~~~~~~~~
compilation terminated.
configure:3751: $? = 1
configure: failed program was:
| /* confdefs.h */
| #define PACKAGE_NAME "Haskell network package"
| #define PACKAGE_TARNAME "network"
| #define PACKAGE_VERSION "3.1.2.7"
| #define PACKAGE_STRING "Haskell network package 3.1.2.7"
| #define PACKAGE_BUGREPORT "libraries@haskell.org"
| #define PACKAGE_URL ""
| #define STDC_HEADERS 1
| #define HAVE_SYS_TYPES_H 1
| #define HAVE_SYS_STAT_H 1
| #define HAVE_STDLIB_H 1
| #define HAVE_STRING_H 1
| #define HAVE_MEMORY_H 1
| #define HAVE_STRINGS_H 1
| #define HAVE_INTTYPES_H 1
| #define HAVE_STDINT_H 1
| #define HAVE_UNISTD_H 1
| #define HAVE_LIMITS_H 1
| #define HAVE_STDLIB_H 1
| #define HAVE_UNISTD_H 1
| #define HAVE_SYS_TYPES_H 1
| #define HAVE_FCNTL_H 1
| /* end confdefs.h.  */
| #include <net/if.h>
configure:3751: result: no
configure:3751: checking for net/if.h
configure:3751: result: no
configure:3751: checking netioapi.h usability
configure:3751: C:\ghcup\ghc\810~1.7\lib\../mingw/bin\gcc.exe -c   conftest.c >&5
configure:3751: $? = 0
configure:3751: result: yes
configure:3751: checking netioapi.h presence
configure:3751: C:\ghcup\ghc\810~1.7\lib\../mingw/bin\gcc.exe -E  conftest.c
configure:3751: $? = 0
configure:3751: result: yes
configure:3751: checking for netioapi.h
configure:3751: result: yes
configure:3762: checking for struct ucred
configure:3762: C:\ghcup\ghc\810~1.7\lib\../mingw/bin\gcc.exe -c   conftest.c >&5
conftest.c: In function 'main':
conftest.c:112:13: error: invalid application of 'sizeof' to incomplete type 'struct ucred'
  112 | if (sizeof (struct ucred))
      |             ^~~~~~
configure:3762: $? = 1
configure: failed program was:
| /* confdefs.h */
| #define PACKAGE_NAME "Haskell network package"
| #define PACKAGE_TARNAME "network"
| #define PACKAGE_VERSION "3.1.2.7"
| #define PACKAGE_STRING "Haskell network package 3.1.2.7"
| #define PACKAGE_BUGREPORT "libraries@haskell.org"
| #define PACKAGE_URL ""
| #define STDC_HEADERS 1
| #define HAVE_SYS_TYPES_H 1
| #define HAVE_SYS_STAT_H 1
| #define HAVE_STDLIB_H 1
| #define HAVE_STRING_H 1
| #define HAVE_MEMORY_H 1
| #define HAVE_STRINGS_H 1
| #define HAVE_INTTYPES_H 1
| #define HAVE_STDINT_H 1
| #define HAVE_UNISTD_H 1
| #define HAVE_LIMITS_H 1
| #define HAVE_STDLIB_H 1
| #define HAVE_UNISTD_H 1
| #define HAVE_SYS_TYPES_H 1
| #define HAVE_FCNTL_H 1
| #define HAVE_NETIOAPI_H 1
| /* end confdefs.h.  */
| #define _GNU_SOURCE 1  /* for struct ucred on Linux */
| #include <stdio.h>
| #ifdef HAVE_SYS_TYPES_H
| # include <sys/types.h>
| #endif
| #ifdef HAVE_SYS_STAT_H
| # include <sys/stat.h>
| #endif
| #ifdef STDC_HEADERS
| # include <stdlib.h>
| # include <stddef.h>
| #else
| # ifdef HAVE_STDLIB_H
| #  include <stdlib.h>
| # endif
| #endif
| #ifdef HAVE_STRING_H
| # if !defined STDC_HEADERS && defined HAVE_MEMORY_H
| #  include <memory.h>
| # endif
| # include <string.h>
| #endif
| #ifdef HAVE_STRINGS_H
| # include <strings.h>
| #endif
| #ifdef HAVE_INTTYPES_H
| # include <inttypes.h>
| #endif
| #ifdef HAVE_STDINT_H
| # include <stdint.h>
| #endif
| #ifdef HAVE_UNISTD_H
| # include <unistd.h>
| #endif
| 
| #ifdef _WIN32
| # include <winsock2.h>
| # include <ws2tcpip.h>
| # define IPV6_V6ONLY 27
| #endif
| 
| #ifdef HAVE_LIMITS_H
| # include <limits.h>
| #endif
| #ifdef HAVE_STDLIB_H
| # include <stdlib.h>
| #endif
| #ifdef HAVE_UNISTD_H
| #include <unistd.h>
| #endif
| #ifdef HAVE_SYS_TYPES_H
| # include <sys/types.h>
| #endif
| #ifdef HAVE_FCNTL_H
| # include <fcntl.h>
| #endif
| #ifdef HAVE_SYS_UIO_H
| # include <sys/uio.h>
| #endif
| #ifdef HAVE_SYS_SOCKET_H
| # include <sys/socket.h>
| #endif
| #ifdef HAVE_NETINET_IN_H
| # include <netinet/in.h>
| #endif
| #ifdef HAVE_NETINET_TCP_H
| # include <netinet/tcp.h>
| #endif
| #ifdef HAVE_SYS_UN_H
| # include <sys/un.h>
| #endif
| #ifdef HAVE_ARPA_INET_H
| # include <arpa/inet.h>
| #endif
| #ifdef HAVE_NETDB_H
| #include <netdb.h>
| #endif
| #ifdef HAVE_NET_IF_H
| # include <net/if.h>
| #endif
| #ifdef HAVE_NETIOAPI_H
| # include <netioapi.h>
| #endif
| 
| int
| main ()
| {
| if (sizeof (struct ucred))
| 	 return 0;
|   ;
|   return 0;
| }
configure:3762: result: no
configure:3776: checking for gai_strerror
configure:3776: C:\ghcup\ghc\810~1.7\lib\../mingw/bin\gcc.exe -o conftest.exe    conftest.c  >&5
C://ghcup//ghc//810~1.7//mingw//bin/ld.exe: C:\Users\domin\AppData\Local\Temp\ccOj0tAq.o:conftest.c:(.text+0xe): undefined reference to `gai_strerror'
collect2.exe: error: ld returned 1 exit status
configure:3776: $? = 1
configure: failed program was:
| /* confdefs.h */
| #define PACKAGE_NAME "Haskell network package"
| #define PACKAGE_TARNAME "network"
| #define PACKAGE_VERSION "3.1.2.7"
| #define PACKAGE_STRING "Haskell network package 3.1.2.7"
| #define PACKAGE_BUGREPORT "libraries@haskell.org"
| #define PACKAGE_URL ""
| #define STDC_HEADERS 1
| #define HAVE_SYS_TYPES_H 1
| #define HAVE_SYS_STAT_H 1
| #define HAVE_STDLIB_H 1
| #define HAVE_STRING_H 1
| #define HAVE_MEMORY_H 1
| #define HAVE_STRINGS_H 1
| #define HAVE_INTTYPES_H 1
| #define HAVE_STDINT_H 1
| #define HAVE_UNISTD_H 1
| #define HAVE_LIMITS_H 1
| #define HAVE_STDLIB_H 1
| #define HAVE_UNISTD_H 1
| #define HAVE_SYS_TYPES_H 1
| #define HAVE_FCNTL_H 1
| #define HAVE_NETIOAPI_H 1
| /* end confdefs.h.  */
| /* Define gai_strerror to an innocuous variant, in case <limits.h> declares gai_strerror.
|    For example, HP-UX 11i <limits.h> declares gettimeofday.  */
| #define gai_strerror innocuous_gai_strerror
| 
| /* System header to define __stub macros and hopefully few prototypes,
|     which can conflict with char gai_strerror (); below.
|     Prefer <limits.h> to <assert.h> if __STDC__ is defined, since
|     <limits.h> exists even on freestanding compilers.  */
| 
| #ifdef __STDC__
| # include <limits.h>
| #else
| # include <assert.h>
| #endif
| 
| #undef gai_strerror
| 
| /* Override any GCC internal prototype to avoid an error.
|    Use char because int might match the return type of a GCC
|    builtin and then its argument prototype would still apply.  */
| #ifdef __cplusplus
| extern "C"
| #endif
| char gai_strerror ();
| /* The GNU C library defines this for functions which it implements
|     to always fail with ENOSYS.  Some functions are actually named
|     something starting with __ and the normal name is an alias.  */
| #if defined __stub_gai_strerror || defined __stub___gai_strerror
| choke me
| #endif
| 
| int
| main ()
| {
| return gai_strerror ();
|   ;
|   return 0;
| }
configure:3776: result: no
configure:3776: checking for gethostent
configure:3776: C:\ghcup\ghc\810~1.7\lib\../mingw/bin\gcc.exe -o conftest.exe    conftest.c  >&5
C://ghcup//ghc//810~1.7//mingw//bin/ld.exe: C:\Users\domin\AppData\Local\Temp\ccbDYr0b.o:conftest.c:(.text+0xe): undefined reference to `gethostent'
collect2.exe: error: ld returned 1 exit status
configure:3776: $? = 1
configure: failed program was:
| /* confdefs.h */
| #define PACKAGE_NAME "Haskell network package"
| #define PACKAGE_TARNAME "network"
| #define PACKAGE_VERSION "3.1.2.7"
| #define PACKAGE_STRING "Haskell network package 3.1.2.7"
| #define PACKAGE_BUGREPORT "libraries@haskell.org"
| #define PACKAGE_URL ""
| #define STDC_HEADERS 1
| #define HAVE_SYS_TYPES_H 1
| #define HAVE_SYS_STAT_H 1
| #define HAVE_STDLIB_H 1
| #define HAVE_STRING_H 1
| #define HAVE_MEMORY_H 1
| #define HAVE_STRINGS_H 1
| #define HAVE_INTTYPES_H 1
| #define HAVE_STDINT_H 1
| #define HAVE_UNISTD_H 1
| #define HAVE_LIMITS_H 1
| #define HAVE_STDLIB_H 1
| #define HAVE_UNISTD_H 1
| #define HAVE_SYS_TYPES_H 1
| #define HAVE_FCNTL_H 1
| #define HAVE_NETIOAPI_H 1
| /* end confdefs.h.  */
| /* Define gethostent to an innocuous variant, in case <limits.h> declares gethostent.
|    For example, HP-UX 11i <limits.h> declares gettimeofday.  */
| #define gethostent innocuous_gethostent
| 
| /* System header to define __stub macros and hopefully few prototypes,
|     which can conflict with char gethostent (); below.
|     Prefer <limits.h> to <assert.h> if __STDC__ is defined, since
|     <limits.h> exists even on freestanding compilers.  */
| 
| #ifdef __STDC__
| # include <limits.h>
| #else
| # include <assert.h>
| #endif
| 
| #undef gethostent
| 
| /* Override any GCC internal prototype to avoid an error.
|    Use char because int might match the return type of a GCC
|    builtin and then its argument prototype would still apply.  */
| #ifdef __cplusplus
| extern "C"
| #endif
| char gethostent ();
| /* The GNU C library defines this for functions which it implements
|     to always fail with ENOSYS.  Some functions are actually named
|     something starting with __ and the normal name is an alias.  */
| #if defined __stub_gethostent || defined __stub___gethostent
| choke me
| #endif
| 
| int
| main ()
| {
| return gethostent ();
|   ;
|   return 0;
| }
configure:3776: result: no
configure:3776: checking for accept4
configure:3776: C:\ghcup\ghc\810~1.7\lib\../mingw/bin\gcc.exe -o conftest.exe    conftest.c  >&5
C://ghcup//ghc//810~1.7//mingw//bin/ld.exe: C:\Users\domin\AppData\Local\Temp\cczCiA7b.o:conftest.c:(.text+0xe): undefined reference to `accept4'
collect2.exe: error: ld returned 1 exit status
configure:3776: $? = 1
configure: failed program was:
| /* confdefs.h */
| #define PACKAGE_NAME "Haskell network package"
| #define PACKAGE_TARNAME "network"
| #define PACKAGE_VERSION "3.1.2.7"
| #define PACKAGE_STRING "Haskell network package 3.1.2.7"
| #define PACKAGE_BUGREPORT "libraries@haskell.org"
| #define PACKAGE_URL ""
| #define STDC_HEADERS 1
| #define HAVE_SYS_TYPES_H 1
| #define HAVE_SYS_STAT_H 1
| #define HAVE_STDLIB_H 1
| #define HAVE_STRING_H 1
| #define HAVE_MEMORY_H 1
| #define HAVE_STRINGS_H 1
| #define HAVE_INTTYPES_H 1
| #define HAVE_STDINT_H 1
| #define HAVE_UNISTD_H 1
| #define HAVE_LIMITS_H 1
| #define HAVE_STDLIB_H 1
| #define HAVE_UNISTD_H 1
| #define HAVE_SYS_TYPES_H 1
| #define HAVE_FCNTL_H 1
| #define HAVE_NETIOAPI_H 1
| /* end confdefs.h.  */
| /* Define accept4 to an innocuous variant, in case <limits.h> declares accept4.
|    For example, HP-UX 11i <limits.h> declares gettimeofday.  */
| #define accept4 innocuous_accept4
| 
| /* System header to define __stub macros and hopefully few prototypes,
|     which can conflict with char accept4 (); below.
|     Prefer <limits.h> to <assert.h> if __STDC__ is defined, since
|     <limits.h> exists even on freestanding compilers.  */
| 
| #ifdef __STDC__
| # include <limits.h>
| #else
| # include <assert.h>
| #endif
| 
| #undef accept4
| 
| /* Override any GCC internal prototype to avoid an error.
|    Use char because int might match the return type of a GCC
|    builtin and then its argument prototype would still apply.  */
| #ifdef __cplusplus
| extern "C"
| #endif
| char accept4 ();
| /* The GNU C library defines this for functions which it implements
|     to always fail with ENOSYS.  Some functions are actually named
|     something starting with __ and the normal name is an alias.  */
| #if defined __stub_accept4 || defined __stub___accept4
| choke me
| #endif
| 
| int
| main ()
| {
| return accept4 ();
|   ;
|   return 0;
| }
configure:3776: result: no
configure:3787: checking for getpeereid
configure:3787: C:\ghcup\ghc\810~1.7\lib\../mingw/bin\gcc.exe -o conftest.exe    conftest.c  >&5
C://ghcup//ghc//810~1.7//mingw//bin/ld.exe: C:\Users\domin\AppData\Local\Temp\cc5y8tg3.o:conftest.c:(.text+0xe): undefined reference to `getpeereid'
collect2.exe: error: ld returned 1 exit status
configure:3787: $? = 1
configure: failed program was:
| /* confdefs.h */
| #define PACKAGE_NAME "Haskell network package"
| #define PACKAGE_TARNAME "network"
| #define PACKAGE_VERSION "3.1.2.7"
| #define PACKAGE_STRING "Haskell network package 3.1.2.7"
| #define PACKAGE_BUGREPORT "libraries@haskell.org"
| #define PACKAGE_URL ""
| #define STDC_HEADERS 1
| #define HAVE_SYS_TYPES_H 1
| #define HAVE_SYS_STAT_H 1
| #define HAVE_STDLIB_H 1
| #define HAVE_STRING_H 1
| #define HAVE_MEMORY_H 1
| #define HAVE_STRINGS_H 1
| #define HAVE_INTTYPES_H 1
| #define HAVE_STDINT_H 1
| #define HAVE_UNISTD_H 1
| #define HAVE_LIMITS_H 1
| #define HAVE_STDLIB_H 1
| #define HAVE_UNISTD_H 1
| #define HAVE_SYS_TYPES_H 1
| #define HAVE_FCNTL_H 1
| #define HAVE_NETIOAPI_H 1
| /* end confdefs.h.  */
| /* Define getpeereid to an innocuous variant, in case <limits.h> declares getpeereid.
|    For example, HP-UX 11i <limits.h> declares gettimeofday.  */
| #define getpeereid innocuous_getpeereid
| 
| /* System header to define __stub macros and hopefully few prototypes,
|     which can conflict with char getpeereid (); below.
|     Prefer <limits.h> to <assert.h> if __STDC__ is defined, since
|     <limits.h> exists even on freestanding compilers.  */
| 
| #ifdef __STDC__
| # include <limits.h>
| #else
| # include <assert.h>
| #endif
| 
| #undef getpeereid
| 
| /* Override any GCC internal prototype to avoid an error.
|    Use char because int might match the return type of a GCC
|    builtin and then its argument prototype would still apply.  */
| #ifdef __cplusplus
| extern "C"
| #endif
| char getpeereid ();
| /* The GNU C library defines this for functions which it implements
|     to always fail with ENOSYS.  Some functions are actually named
|     something starting with __ and the normal name is an alias.  */
| #if defined __stub_getpeereid || defined __stub___getpeereid
| choke me
| #endif
| 
| int
| main ()
| {
| return getpeereid ();
|   ;
|   return 0;
| }
configure:3787: result: no
configure:3797: checking whether AI_ADDRCONFIG is declared
configure:3797: C:\ghcup\ghc\810~1.7\lib\../mingw/bin\gcc.exe -c   conftest.c >&5
configure:3797: $? = 0
configure:3797: result: yes
configure:3807: checking whether AI_ALL is declared
configure:3807: C:\ghcup\ghc\810~1.7\lib\../mingw/bin\gcc.exe -c   conftest.c >&5
configure:3807: $? = 0
configure:3807: result: yes
configure:3817: checking whether AI_NUMERICSERV is declared
configure:3817: C:\ghcup\ghc\810~1.7\lib\../mingw/bin\gcc.exe -c   conftest.c >&5
configure:3817: $? = 0
configure:3817: result: yes
configure:3827: checking whether AI_V4MAPPED is declared
configure:3827: C:\ghcup\ghc\810~1.7\lib\../mingw/bin\gcc.exe -c   conftest.c >&5
configure:3827: $? = 0
configure:3827: result: yes
configure:3838: checking whether IPV6_V6ONLY is declared
configure:3838: C:\ghcup\ghc\810~1.7\lib\../mingw/bin\gcc.exe -c   conftest.c >&5
configure:3838: $? = 0
configure:3838: result: yes
configure:3849: checking whether IPPROTO_IP is declared
configure:3849: C:\ghcup\ghc\810~1.7\lib\../mingw/bin\gcc.exe -c   conftest.c >&5
configure:3849: $? = 0
configure:3849: result: yes
configure:3859: checking whether IPPROTO_TCP is declared
configure:3859: C:\ghcup\ghc\810~1.7\lib\../mingw/bin\gcc.exe -c   conftest.c >&5
configure:3859: $? = 0
configure:3859: result: yes
configure:3869: checking whether IPPROTO_IPV6 is declared
configure:3869: C:\ghcup\ghc\810~1.7\lib\../mingw/bin\gcc.exe -c   conftest.c >&5
configure:3869: $? = 0
configure:3869: result: yes
configure:3880: checking whether SO_PEERCRED is declared
configure:3880: C:\ghcup\ghc\810~1.7\lib\../mingw/bin\gcc.exe -c   conftest.c >&5
conftest.c: In function 'main':
conftest.c:124:10: error: 'SO_PEERCRED' undeclared (first use in this function)
  124 |   (void) SO_PEERCRED;
      |          ^~~~~~~~~~~
conftest.c:124:10: note: each undeclared identifier is reported only once for each function it appears in
configure:3880: $? = 1
configure: failed program was:
| /* confdefs.h */
| #define PACKAGE_NAME "Haskell network package"
| #define PACKAGE_TARNAME "network"
| #define PACKAGE_VERSION "3.1.2.7"
| #define PACKAGE_STRING "Haskell network package 3.1.2.7"
| #define PACKAGE_BUGREPORT "libraries@haskell.org"
| #define PACKAGE_URL ""
| #define STDC_HEADERS 1
| #define HAVE_SYS_TYPES_H 1
| #define HAVE_SYS_STAT_H 1
| #define HAVE_STDLIB_H 1
| #define HAVE_STRING_H 1
| #define HAVE_MEMORY_H 1
| #define HAVE_STRINGS_H 1
| #define HAVE_INTTYPES_H 1
| #define HAVE_STDINT_H 1
| #define HAVE_UNISTD_H 1
| #define HAVE_LIMITS_H 1
| #define HAVE_STDLIB_H 1
| #define HAVE_UNISTD_H 1
| #define HAVE_SYS_TYPES_H 1
| #define HAVE_FCNTL_H 1
| #define HAVE_NETIOAPI_H 1
| #define HAVE_DECL_AI_ADDRCONFIG 1
| #define HAVE_DECL_AI_ALL 1
| #define HAVE_DECL_AI_NUMERICSERV 1
| #define HAVE_DECL_AI_V4MAPPED 1
| #define HAVE_DECL_IPV6_V6ONLY 1
| #define HAVE_DECL_IPPROTO_IP 1
| #define HAVE_DECL_IPPROTO_TCP 1
| #define HAVE_DECL_IPPROTO_IPV6 1
| /* end confdefs.h.  */
| #define _GNU_SOURCE 1  /* for struct ucred on Linux */
| #include <stdio.h>
| #ifdef HAVE_SYS_TYPES_H
| # include <sys/types.h>
| #endif
| #ifdef HAVE_SYS_STAT_H
| # include <sys/stat.h>
| #endif
| #ifdef STDC_HEADERS
| # include <stdlib.h>
| # include <stddef.h>
| #else
| # ifdef HAVE_STDLIB_H
| #  include <stdlib.h>
| # endif
| #endif
| #ifdef HAVE_STRING_H
| # if !defined STDC_HEADERS && defined HAVE_MEMORY_H
| #  include <memory.h>
| # endif
| # include <string.h>
| #endif
| #ifdef HAVE_STRINGS_H
| # include <strings.h>
| #endif
| #ifdef HAVE_INTTYPES_H
| # include <inttypes.h>
| #endif
| #ifdef HAVE_STDINT_H
| # include <stdint.h>
| #endif
| #ifdef HAVE_UNISTD_H
| # include <unistd.h>
| #endif
| 
| #ifdef _WIN32
| # include <winsock2.h>
| # include <ws2tcpip.h>
| # define IPV6_V6ONLY 27
| #endif
| 
| #ifdef HAVE_LIMITS_H
| # include <limits.h>
| #endif
| #ifdef HAVE_STDLIB_H
| # include <stdlib.h>
| #endif
| #ifdef HAVE_UNISTD_H
| #include <unistd.h>
| #endif
| #ifdef HAVE_SYS_TYPES_H
| # include <sys/types.h>
| #endif
| #ifdef HAVE_FCNTL_H
| # include <fcntl.h>
| #endif
| #ifdef HAVE_SYS_UIO_H
| # include <sys/uio.h>
| #endif
| #ifdef HAVE_SYS_SOCKET_H
| # include <sys/socket.h>
| #endif
| #ifdef HAVE_NETINET_IN_H
| # include <netinet/in.h>
| #endif
| #ifdef HAVE_NETINET_TCP_H
| # include <netinet/tcp.h>
| #endif
| #ifdef HAVE_SYS_UN_H
| # include <sys/un.h>
| #endif
| #ifdef HAVE_ARPA_INET_H
| # include <arpa/inet.h>
| #endif
| #ifdef HAVE_NETDB_H
| #include <netdb.h>
| #endif
| #ifdef HAVE_NET_IF_H
| # include <net/if.h>
| #endif
| #ifdef HAVE_NETIOAPI_H
| # include <netioapi.h>
| #endif
| 
| int
| main ()
| {
| #ifndef SO_PEERCRED
| #ifdef __cplusplus
|   (void) SO_PEERCRED;
| #else
|   (void) SO_PEERCRED;
| #endif
| #endif
| 
|   ;
|   return 0;
| }
configure:3880: result: no
configure:3892: checking for struct msghdr.msg_control
configure:3892: C:\ghcup\ghc\810~1.7\lib\../mingw/bin\gcc.exe -c   conftest.c >&5
conftest.c: In function 'main':
conftest.c:121:22: error: storage size of 'ac_aggr' isn't known
  121 | static struct msghdr ac_aggr;
      |                      ^~~~~~~
configure:3892: $? = 1
configure: failed program was:
| /* confdefs.h */
| #define PACKAGE_NAME "Haskell network package"
| #define PACKAGE_TARNAME "network"
| #define PACKAGE_VERSION "3.1.2.7"
| #define PACKAGE_STRING "Haskell network package 3.1.2.7"
| #define PACKAGE_BUGREPORT "libraries@haskell.org"
| #define PACKAGE_URL ""
| #define STDC_HEADERS 1
| #define HAVE_SYS_TYPES_H 1
| #define HAVE_SYS_STAT_H 1
| #define HAVE_STDLIB_H 1
| #define HAVE_STRING_H 1
| #define HAVE_MEMORY_H 1
| #define HAVE_STRINGS_H 1
| #define HAVE_INTTYPES_H 1
| #define HAVE_STDINT_H 1
| #define HAVE_UNISTD_H 1
| #define HAVE_LIMITS_H 1
| #define HAVE_STDLIB_H 1
| #define HAVE_UNISTD_H 1
| #define HAVE_SYS_TYPES_H 1
| #define HAVE_FCNTL_H 1
| #define HAVE_NETIOAPI_H 1
| #define HAVE_DECL_AI_ADDRCONFIG 1
| #define HAVE_DECL_AI_ALL 1
| #define HAVE_DECL_AI_NUMERICSERV 1
| #define HAVE_DECL_AI_V4MAPPED 1
| #define HAVE_DECL_IPV6_V6ONLY 1
| #define HAVE_DECL_IPPROTO_IP 1
| #define HAVE_DECL_IPPROTO_TCP 1
| #define HAVE_DECL_IPPROTO_IPV6 1
| #define HAVE_DECL_SO_PEERCRED 0
| /* end confdefs.h.  */
| #define _GNU_SOURCE 1  /* for struct ucred on Linux */
| #include <stdio.h>
| #ifdef HAVE_SYS_TYPES_H
| # include <sys/types.h>
| #endif
| #ifdef HAVE_SYS_STAT_H
| # include <sys/stat.h>
| #endif
| #ifdef STDC_HEADERS
| # include <stdlib.h>
| # include <stddef.h>
| #else
| # ifdef HAVE_STDLIB_H
| #  include <stdlib.h>
| # endif
| #endif
| #ifdef HAVE_STRING_H
| # if !defined STDC_HEADERS && defined HAVE_MEMORY_H
| #  include <memory.h>
| # endif
| # include <string.h>
| #endif
| #ifdef HAVE_STRINGS_H
| # include <strings.h>
| #endif
| #ifdef HAVE_INTTYPES_H
| # include <inttypes.h>
| #endif
| #ifdef HAVE_STDINT_H
| # include <stdint.h>
| #endif
| #ifdef HAVE_UNISTD_H
| # include <unistd.h>
| #endif
| 
| #ifdef _WIN32
| # include <winsock2.h>
| # include <ws2tcpip.h>
| # define IPV6_V6ONLY 27
| #endif
| 
| #ifdef HAVE_LIMITS_H
| # include <limits.h>
| #endif
| #ifdef HAVE_STDLIB_H
| # include <stdlib.h>
| #endif
| #ifdef HAVE_UNISTD_H
| #include <unistd.h>
| #endif
| #ifdef HAVE_SYS_TYPES_H
| # include <sys/types.h>
| #endif
| #ifdef HAVE_FCNTL_H
| # include <fcntl.h>
| #endif
| #ifdef HAVE_SYS_UIO_H
| # include <sys/uio.h>
| #endif
| #ifdef HAVE_SYS_SOCKET_H
| # include <sys/socket.h>
| #endif
| #ifdef HAVE_NETINET_IN_H
| # include <netinet/in.h>
| #endif
| #ifdef HAVE_NETINET_TCP_H
| # include <netinet/tcp.h>
| #endif
| #ifdef HAVE_SYS_UN_H
| # include <sys/un.h>
| #endif
| #ifdef HAVE_ARPA_INET_H
| # include <arpa/inet.h>
| #endif
| #ifdef HAVE_NETDB_H
| #include <netdb.h>
| #endif
| #ifdef HAVE_NET_IF_H
| # include <net/if.h>
| #endif
| #ifdef HAVE_NETIOAPI_H
| # include <netioapi.h>
| #endif
| 
| int
| main ()
| {
| static struct msghdr ac_aggr;
| if (ac_aggr.msg_control)
| return 0;
|   ;
|   return 0;
| }
configure:3892: C:\ghcup\ghc\810~1.7\lib\../mingw/bin\gcc.exe -c   conftest.c >&5
conftest.c: In function 'main':
conftest.c:121:22: error: storage size of 'ac_aggr' isn't known
  121 | static struct msghdr ac_aggr;
      |                      ^~~~~~~
configure:3892: $? = 1
configure: failed program was:
| /* confdefs.h */
| #define PACKAGE_NAME "Haskell network package"
| #define PACKAGE_TARNAME "network"
| #define PACKAGE_VERSION "3.1.2.7"
| #define PACKAGE_STRING "Haskell network package 3.1.2.7"
| #define PACKAGE_BUGREPORT "libraries@haskell.org"
| #define PACKAGE_URL ""
| #define STDC_HEADERS 1
| #define HAVE_SYS_TYPES_H 1
| #define HAVE_SYS_STAT_H 1
| #define HAVE_STDLIB_H 1
| #define HAVE_STRING_H 1
| #define HAVE_MEMORY_H 1
| #define HAVE_STRINGS_H 1
| #define HAVE_INTTYPES_H 1
| #define HAVE_STDINT_H 1
| #define HAVE_UNISTD_H 1
| #define HAVE_LIMITS_H 1
| #define HAVE_STDLIB_H 1
| #define HAVE_UNISTD_H 1
| #define HAVE_SYS_TYPES_H 1
| #define HAVE_FCNTL_H 1
| #define HAVE_NETIOAPI_H 1
| #define HAVE_DECL_AI_ADDRCONFIG 1
| #define HAVE_DECL_AI_ALL 1
| #define HAVE_DECL_AI_NUMERICSERV 1
| #define HAVE_DECL_AI_V4MAPPED 1
| #define HAVE_DECL_IPV6_V6ONLY 1
| #define HAVE_DECL_IPPROTO_IP 1
| #define HAVE_DECL_IPPROTO_TCP 1
| #define HAVE_DECL_IPPROTO_IPV6 1
| #define HAVE_DECL_SO_PEERCRED 0
| /* end confdefs.h.  */
| #define _GNU_SOURCE 1  /* for struct ucred on Linux */
| #include <stdio.h>
| #ifdef HAVE_SYS_TYPES_H
| # include <sys/types.h>
| #endif
| #ifdef HAVE_SYS_STAT_H
| # include <sys/stat.h>
| #endif
| #ifdef STDC_HEADERS
| # include <stdlib.h>
| # include <stddef.h>
| #else
| # ifdef HAVE_STDLIB_H
| #  include <stdlib.h>
| # endif
| #endif
| #ifdef HAVE_STRING_H
| # if !defined STDC_HEADERS && defined HAVE_MEMORY_H
| #  include <memory.h>
| # endif
| # include <string.h>
| #endif
| #ifdef HAVE_STRINGS_H
| # include <strings.h>
| #endif
| #ifdef HAVE_INTTYPES_H
| # include <inttypes.h>
| #endif
| #ifdef HAVE_STDINT_H
| # include <stdint.h>
| #endif
| #ifdef HAVE_UNISTD_H
| # include <unistd.h>
| #endif
| 
| #ifdef _WIN32
| # include <winsock2.h>
| # include <ws2tcpip.h>
| # define IPV6_V6ONLY 27
| #endif
| 
| #ifdef HAVE_LIMITS_H
| # include <limits.h>
| #endif
| #ifdef HAVE_STDLIB_H
| # include <stdlib.h>
| #endif
| #ifdef HAVE_UNISTD_H
| #include <unistd.h>
| #endif
| #ifdef HAVE_SYS_TYPES_H
| # include <sys/types.h>
| #endif
| #ifdef HAVE_FCNTL_H
| # include <fcntl.h>
| #endif
| #ifdef HAVE_SYS_UIO_H
| # include <sys/uio.h>
| #endif
| #ifdef HAVE_SYS_SOCKET_H
| # include <sys/socket.h>
| #endif
| #ifdef HAVE_NETINET_IN_H
| # include <netinet/in.h>
| #endif
| #ifdef HAVE_NETINET_TCP_H
| # include <netinet/tcp.h>
| #endif
| #ifdef HAVE_SYS_UN_H
| # include <sys/un.h>
| #endif
| #ifdef HAVE_ARPA_INET_H
| # include <arpa/inet.h>
| #endif
| #ifdef HAVE_NETDB_H
| #include <netdb.h>
| #endif
| #ifdef HAVE_NET_IF_H
| # include <net/if.h>
| #endif
| #ifdef HAVE_NETIOAPI_H
| # include <netioapi.h>
| #endif
| 
| int
| main ()
| {
| static struct msghdr ac_aggr;
| if (sizeof ac_aggr.msg_control)
| return 0;
|   ;
|   return 0;
| }
configure:3892: result: no
configure:3901: checking for struct msghdr.msg_accrights
configure:3901: C:\ghcup\ghc\810~1.7\lib\../mingw/bin\gcc.exe -c   conftest.c >&5
conftest.c: In function 'main':
conftest.c:121:22: error: storage size of 'ac_aggr' isn't known
  121 | static struct msghdr ac_aggr;
      |                      ^~~~~~~
configure:3901: $? = 1
configure: failed program was:
| /* confdefs.h */
| #define PACKAGE_NAME "Haskell network package"
| #define PACKAGE_TARNAME "network"
| #define PACKAGE_VERSION "3.1.2.7"
| #define PACKAGE_STRING "Haskell network package 3.1.2.7"
| #define PACKAGE_BUGREPORT "libraries@haskell.org"
| #define PACKAGE_URL ""
| #define STDC_HEADERS 1
| #define HAVE_SYS_TYPES_H 1
| #define HAVE_SYS_STAT_H 1
| #define HAVE_STDLIB_H 1
| #define HAVE_STRING_H 1
| #define HAVE_MEMORY_H 1
| #define HAVE_STRINGS_H 1
| #define HAVE_INTTYPES_H 1
| #define HAVE_STDINT_H 1
| #define HAVE_UNISTD_H 1
| #define HAVE_LIMITS_H 1
| #define HAVE_STDLIB_H 1
| #define HAVE_UNISTD_H 1
| #define HAVE_SYS_TYPES_H 1
| #define HAVE_FCNTL_H 1
| #define HAVE_NETIOAPI_H 1
| #define HAVE_DECL_AI_ADDRCONFIG 1
| #define HAVE_DECL_AI_ALL 1
| #define HAVE_DECL_AI_NUMERICSERV 1
| #define HAVE_DECL_AI_V4MAPPED 1
| #define HAVE_DECL_IPV6_V6ONLY 1
| #define HAVE_DECL_IPPROTO_IP 1
| #define HAVE_DECL_IPPROTO_TCP 1
| #define HAVE_DECL_IPPROTO_IPV6 1
| #define HAVE_DECL_SO_PEERCRED 0
| /* end confdefs.h.  */
| #define _GNU_SOURCE 1  /* for struct ucred on Linux */
| #include <stdio.h>
| #ifdef HAVE_SYS_TYPES_H
| # include <sys/types.h>
| #endif
| #ifdef HAVE_SYS_STAT_H
| # include <sys/stat.h>
| #endif
| #ifdef STDC_HEADERS
| # include <stdlib.h>
| # include <stddef.h>
| #else
| # ifdef HAVE_STDLIB_H
| #  include <stdlib.h>
| # endif
| #endif
| #ifdef HAVE_STRING_H
| # if !defined STDC_HEADERS && defined HAVE_MEMORY_H
| #  include <memory.h>
| # endif
| # include <string.h>
| #endif
| #ifdef HAVE_STRINGS_H
| # include <strings.h>
| #endif
| #ifdef HAVE_INTTYPES_H
| # include <inttypes.h>
| #endif
| #ifdef HAVE_STDINT_H
| # include <stdint.h>
| #endif
| #ifdef HAVE_UNISTD_H
| # include <unistd.h>
| #endif
| 
| #ifdef _WIN32
| # include <winsock2.h>
| # include <ws2tcpip.h>
| # define IPV6_V6ONLY 27
| #endif
| 
| #ifdef HAVE_LIMITS_H
| # include <limits.h>
| #endif
| #ifdef HAVE_STDLIB_H
| # include <stdlib.h>
| #endif
| #ifdef HAVE_UNISTD_H
| #include <unistd.h>
| #endif
| #ifdef HAVE_SYS_TYPES_H
| # include <sys/types.h>
| #endif
| #ifdef HAVE_FCNTL_H
| # include <fcntl.h>
| #endif
| #ifdef HAVE_SYS_UIO_H
| # include <sys/uio.h>
| #endif
| #ifdef HAVE_SYS_SOCKET_H
| # include <sys/socket.h>
| #endif
| #ifdef HAVE_NETINET_IN_H
| # include <netinet/in.h>
| #endif
| #ifdef HAVE_NETINET_TCP_H
| # include <netinet/tcp.h>
| #endif
| #ifdef HAVE_SYS_UN_H
| # include <sys/un.h>
| #endif
| #ifdef HAVE_ARPA_INET_H
| # include <arpa/inet.h>
| #endif
| #ifdef HAVE_NETDB_H
| #include <netdb.h>
| #endif
| #ifdef HAVE_NET_IF_H
| # include <net/if.h>
| #endif
| #ifdef HAVE_NETIOAPI_H
| # include <netioapi.h>
| #endif
| 
| int
| main ()
| {
| static struct msghdr ac_aggr;
| if (ac_aggr.msg_accrights)
| return 0;
|   ;
|   return 0;
| }
configure:3901: C:\ghcup\ghc\810~1.7\lib\../mingw/bin\gcc.exe -c   conftest.c >&5
conftest.c: In function 'main':
conftest.c:121:22: error: storage size of 'ac_aggr' isn't known
  121 | static struct msghdr ac_aggr;
      |                      ^~~~~~~
configure:3901: $? = 1
configure: failed program was:
| /* confdefs.h */
| #define PACKAGE_NAME "Haskell network package"
| #define PACKAGE_TARNAME "network"
| #define PACKAGE_VERSION "3.1.2.7"
| #define PACKAGE_STRING "Haskell network package 3.1.2.7"
| #define PACKAGE_BUGREPORT "libraries@haskell.org"
| #define PACKAGE_URL ""
| #define STDC_HEADERS 1
| #define HAVE_SYS_TYPES_H 1
| #define HAVE_SYS_STAT_H 1
| #define HAVE_STDLIB_H 1
| #define HAVE_STRING_H 1
| #define HAVE_MEMORY_H 1
| #define HAVE_STRINGS_H 1
| #define HAVE_INTTYPES_H 1
| #define HAVE_STDINT_H 1
| #define HAVE_UNISTD_H 1
| #define HAVE_LIMITS_H 1
| #define HAVE_STDLIB_H 1
| #define HAVE_UNISTD_H 1
| #define HAVE_SYS_TYPES_H 1
| #define HAVE_FCNTL_H 1
| #define HAVE_NETIOAPI_H 1
| #define HAVE_DECL_AI_ADDRCONFIG 1
| #define HAVE_DECL_AI_ALL 1
| #define HAVE_DECL_AI_NUMERICSERV 1
| #define HAVE_DECL_AI_V4MAPPED 1
| #define HAVE_DECL_IPV6_V6ONLY 1
| #define HAVE_DECL_IPPROTO_IP 1
| #define HAVE_DECL_IPPROTO_TCP 1
| #define HAVE_DECL_IPPROTO_IPV6 1
| #define HAVE_DECL_SO_PEERCRED 0
| /* end confdefs.h.  */
| #define _GNU_SOURCE 1  /* for struct ucred on Linux */
| #include <stdio.h>
| #ifdef HAVE_SYS_TYPES_H
| # include <sys/types.h>
| #endif
| #ifdef HAVE_SYS_STAT_H
| # include <sys/stat.h>
| #endif
| #ifdef STDC_HEADERS
| # include <stdlib.h>
| # include <stddef.h>
| #else
| # ifdef HAVE_STDLIB_H
| #  include <stdlib.h>
| # endif
| #endif
| #ifdef HAVE_STRING_H
| # if !defined STDC_HEADERS && defined HAVE_MEMORY_H
| #  include <memory.h>
| # endif
| # include <string.h>
| #endif
| #ifdef HAVE_STRINGS_H
| # include <strings.h>
| #endif
| #ifdef HAVE_INTTYPES_H
| # include <inttypes.h>
| #endif
| #ifdef HAVE_STDINT_H
| # include <stdint.h>
| #endif
| #ifdef HAVE_UNISTD_H
| # include <unistd.h>
| #endif
| 
| #ifdef _WIN32
| # include <winsock2.h>
| # include <ws2tcpip.h>
| # define IPV6_V6ONLY 27
| #endif
| 
| #ifdef HAVE_LIMITS_H
| # include <limits.h>
| #endif
| #ifdef HAVE_STDLIB_H
| # include <stdlib.h>
| #endif
| #ifdef HAVE_UNISTD_H
| #include <unistd.h>
| #endif
| #ifdef HAVE_SYS_TYPES_H
| # include <sys/types.h>
| #endif
| #ifdef HAVE_FCNTL_H
| # include <fcntl.h>
| #endif
| #ifdef HAVE_SYS_UIO_H
| # include <sys/uio.h>
| #endif
| #ifdef HAVE_SYS_SOCKET_H
| # include <sys/socket.h>
| #endif
| #ifdef HAVE_NETINET_IN_H
| # include <netinet/in.h>
| #endif
| #ifdef HAVE_NETINET_TCP_H
| # include <netinet/tcp.h>
| #endif
| #ifdef HAVE_SYS_UN_H
| # include <sys/un.h>
| #endif
| #ifdef HAVE_ARPA_INET_H
| # include <arpa/inet.h>
| #endif
| #ifdef HAVE_NETDB_H
| #include <netdb.h>
| #endif
| #ifdef HAVE_NET_IF_H
| # include <net/if.h>
| #endif
| #ifdef HAVE_NETIOAPI_H
| # include <netioapi.h>
| #endif
| 
| int
| main ()
| {
| static struct msghdr ac_aggr;
| if (sizeof ac_aggr.msg_accrights)
| return 0;
|   ;
|   return 0;
| }
configure:3901: result: no
configure:3911: checking for struct sockaddr.sa_len
configure:3911: C:\ghcup\ghc\810~1.7\lib\../mingw/bin\gcc.exe -c   conftest.c >&5
conftest.c: In function 'main':
conftest.c:122:12: error: 'struct sockaddr' has no member named 'sa_len'
  122 | if (ac_aggr.sa_len)
      |            ^
configure:3911: $? = 1
configure: failed program was:
| /* confdefs.h */
| #define PACKAGE_NAME "Haskell network package"
| #define PACKAGE_TARNAME "network"
| #define PACKAGE_VERSION "3.1.2.7"
| #define PACKAGE_STRING "Haskell network package 3.1.2.7"
| #define PACKAGE_BUGREPORT "libraries@haskell.org"
| #define PACKAGE_URL ""
| #define STDC_HEADERS 1
| #define HAVE_SYS_TYPES_H 1
| #define HAVE_SYS_STAT_H 1
| #define HAVE_STDLIB_H 1
| #define HAVE_STRING_H 1
| #define HAVE_MEMORY_H 1
| #define HAVE_STRINGS_H 1
| #define HAVE_INTTYPES_H 1
| #define HAVE_STDINT_H 1
| #define HAVE_UNISTD_H 1
| #define HAVE_LIMITS_H 1
| #define HAVE_STDLIB_H 1
| #define HAVE_UNISTD_H 1
| #define HAVE_SYS_TYPES_H 1
| #define HAVE_FCNTL_H 1
| #define HAVE_NETIOAPI_H 1
| #define HAVE_DECL_AI_ADDRCONFIG 1
| #define HAVE_DECL_AI_ALL 1
| #define HAVE_DECL_AI_NUMERICSERV 1
| #define HAVE_DECL_AI_V4MAPPED 1
| #define HAVE_DECL_IPV6_V6ONLY 1
| #define HAVE_DECL_IPPROTO_IP 1
| #define HAVE_DECL_IPPROTO_TCP 1
| #define HAVE_DECL_IPPROTO_IPV6 1
| #define HAVE_DECL_SO_PEERCRED 0
| /* end confdefs.h.  */
| #define _GNU_SOURCE 1  /* for struct ucred on Linux */
| #include <stdio.h>
| #ifdef HAVE_SYS_TYPES_H
| # include <sys/types.h>
| #endif
| #ifdef HAVE_SYS_STAT_H
| # include <sys/stat.h>
| #endif
| #ifdef STDC_HEADERS
| # include <stdlib.h>
| # include <stddef.h>
| #else
| # ifdef HAVE_STDLIB_H
| #  include <stdlib.h>
| # endif
| #endif
| #ifdef HAVE_STRING_H
| # if !defined STDC_HEADERS && defined HAVE_MEMORY_H
| #  include <memory.h>
| # endif
| # include <string.h>
| #endif
| #ifdef HAVE_STRINGS_H
| # include <strings.h>
| #endif
| #ifdef HAVE_INTTYPES_H
| # include <inttypes.h>
| #endif
| #ifdef HAVE_STDINT_H
| # include <stdint.h>
| #endif
| #ifdef HAVE_UNISTD_H
| # include <unistd.h>
| #endif
| 
| #ifdef _WIN32
| # include <winsock2.h>
| # include <ws2tcpip.h>
| # define IPV6_V6ONLY 27
| #endif
| 
| #ifdef HAVE_LIMITS_H
| # include <limits.h>
| #endif
| #ifdef HAVE_STDLIB_H
| # include <stdlib.h>
| #endif
| #ifdef HAVE_UNISTD_H
| #include <unistd.h>
| #endif
| #ifdef HAVE_SYS_TYPES_H
| # include <sys/types.h>
| #endif
| #ifdef HAVE_FCNTL_H
| # include <fcntl.h>
| #endif
| #ifdef HAVE_SYS_UIO_H
| # include <sys/uio.h>
| #endif
| #ifdef HAVE_SYS_SOCKET_H
| # include <sys/socket.h>
| #endif
| #ifdef HAVE_NETINET_IN_H
| # include <netinet/in.h>
| #endif
| #ifdef HAVE_NETINET_TCP_H
| # include <netinet/tcp.h>
| #endif
| #ifdef HAVE_SYS_UN_H
| # include <sys/un.h>
| #endif
| #ifdef HAVE_ARPA_INET_H
| # include <arpa/inet.h>
| #endif
| #ifdef HAVE_NETDB_H
| #include <netdb.h>
| #endif
| #ifdef HAVE_NET_IF_H
| # include <net/if.h>
| #endif
| #ifdef HAVE_NETIOAPI_H
| # include <netioapi.h>
| #endif
| 
| int
| main ()
| {
| static struct sockaddr ac_aggr;
| if (ac_aggr.sa_len)
| return 0;
|   ;
|   return 0;
| }
configure:3911: C:\ghcup\ghc\810~1.7\lib\../mingw/bin\gcc.exe -c   conftest.c >&5
conftest.c: In function 'main':
conftest.c:122:19: error: 'struct sockaddr' has no member named 'sa_len'
  122 | if (sizeof ac_aggr.sa_len)
      |                   ^
configure:3911: $? = 1
configure: failed program was:
| /* confdefs.h */
| #define PACKAGE_NAME "Haskell network package"
| #define PACKAGE_TARNAME "network"
| #define PACKAGE_VERSION "3.1.2.7"
| #define PACKAGE_STRING "Haskell network package 3.1.2.7"
| #define PACKAGE_BUGREPORT "libraries@haskell.org"
| #define PACKAGE_URL ""
| #define STDC_HEADERS 1
| #define HAVE_SYS_TYPES_H 1
| #define HAVE_SYS_STAT_H 1
| #define HAVE_STDLIB_H 1
| #define HAVE_STRING_H 1
| #define HAVE_MEMORY_H 1
| #define HAVE_STRINGS_H 1
| #define HAVE_INTTYPES_H 1
| #define HAVE_STDINT_H 1
| #define HAVE_UNISTD_H 1
| #define HAVE_LIMITS_H 1
| #define HAVE_STDLIB_H 1
| #define HAVE_UNISTD_H 1
| #define HAVE_SYS_TYPES_H 1
| #define HAVE_FCNTL_H 1
| #define HAVE_NETIOAPI_H 1
| #define HAVE_DECL_AI_ADDRCONFIG 1
| #define HAVE_DECL_AI_ALL 1
| #define HAVE_DECL_AI_NUMERICSERV 1
| #define HAVE_DECL_AI_V4MAPPED 1
| #define HAVE_DECL_IPV6_V6ONLY 1
| #define HAVE_DECL_IPPROTO_IP 1
| #define HAVE_DECL_IPPROTO_TCP 1
| #define HAVE_DECL_IPPROTO_IPV6 1
| #define HAVE_DECL_SO_PEERCRED 0
| /* end confdefs.h.  */
| #define _GNU_SOURCE 1  /* for struct ucred on Linux */
| #include <stdio.h>
| #ifdef HAVE_SYS_TYPES_H
| # include <sys/types.h>
| #endif
| #ifdef HAVE_SYS_STAT_H
| # include <sys/stat.h>
| #endif
| #ifdef STDC_HEADERS
| # include <stdlib.h>
| # include <stddef.h>
| #else
| # ifdef HAVE_STDLIB_H
| #  include <stdlib.h>
| # endif
| #endif
| #ifdef HAVE_STRING_H
| # if !defined STDC_HEADERS && defined HAVE_MEMORY_H
| #  include <memory.h>
| # endif
| # include <string.h>
| #endif
| #ifdef HAVE_STRINGS_H
| # include <strings.h>
| #endif
| #ifdef HAVE_INTTYPES_H
| # include <inttypes.h>
| #endif
| #ifdef HAVE_STDINT_H
| # include <stdint.h>
| #endif
| #ifdef HAVE_UNISTD_H
| # include <unistd.h>
| #endif
| 
| #ifdef _WIN32
| # include <winsock2.h>
| # include <ws2tcpip.h>
| # define IPV6_V6ONLY 27
| #endif
| 
| #ifdef HAVE_LIMITS_H
| # include <limits.h>
| #endif
| #ifdef HAVE_STDLIB_H
| # include <stdlib.h>
| #endif
| #ifdef HAVE_UNISTD_H
| #include <unistd.h>
| #endif
| #ifdef HAVE_SYS_TYPES_H
| # include <sys/types.h>
| #endif
| #ifdef HAVE_FCNTL_H
| # include <fcntl.h>
| #endif
| #ifdef HAVE_SYS_UIO_H
| # include <sys/uio.h>
| #endif
| #ifdef HAVE_SYS_SOCKET_H
| # include <sys/socket.h>
| #endif
| #ifdef HAVE_NETINET_IN_H
| # include <netinet/in.h>
| #endif
| #ifdef HAVE_NETINET_TCP_H
| # include <netinet/tcp.h>
| #endif
| #ifdef HAVE_SYS_UN_H
| # include <sys/un.h>
| #endif
| #ifdef HAVE_ARPA_INET_H
| # include <arpa/inet.h>
| #endif
| #ifdef HAVE_NETDB_H
| #include <netdb.h>
| #endif
| #ifdef HAVE_NET_IF_H
| # include <net/if.h>
| #endif
| #ifdef HAVE_NETIOAPI_H
| # include <netioapi.h>
| #endif
| 
| int
| main ()
| {
| static struct sockaddr ac_aggr;
| if (sizeof ac_aggr.sa_len)
| return 0;
|   ;
|   return 0;
| }
configure:3911: result: no
configure:3922: creating ./network.buildinfo
configure:4032: creating ./config.status

## ---------------------- ##
## Running config.status. ##
## ---------------------- ##

This file was extended by Haskell network package config.status 3.1.2.7, which was
generated by GNU Autoconf 2.69.  Invocation command line was

  CONFIG_FILES    = 
  CONFIG_HEADERS  = 
  CONFIG_LINKS    = 
  CONFIG_COMMANDS = 
  $ ./config.status 

on DESKTOP-N015PVI

config.status:689: creating include/HsNetworkConfig.h
configure:4931: WARNING: unrecognized options: --with-compiler

## ---------------- ##
## Cache variables. ##
## ---------------- ##

